#
# There is insufficient memory for the Java Runtime Environment to continue.
# Native memory allocation (mmap) failed to map 257949696 bytes for G1 virtual space
# Possible reasons:
#   The system is out of physical RAM or swap space
#   The process is running with CompressedOops enabled, and the Java Heap may be blocking the growth of the native heap
# Possible solutions:
#   Reduce memory load on the system
#   Increase physical memory or swap space
#   Check if swap backing store is full
#   Decrease Java heap size (-Xmx/-Xms)
#   Decrease number of Java threads
#   Decrease Java thread stack sizes (-Xss)
#   Set larger code cache with -XX:ReservedCodeCacheSize=
#   JVM is running with Zero Based Compressed Oops mode in which the Java heap is
#     placed in the first 32GB address space. The Java Heap base address is the
#     maximum limit for the native heap growth. Please use -XX:HeapBaseMinAddress
#     to set the Java Heap base and to place the Java Heap above 32GB virtual address.
# This output file may be truncated or incomplete.
#
#  Out of Memory Error (os_windows.cpp:3536), pid=9756, tid=3476
#
# JRE version:  (19.0.2+7) (build )
# Java VM: Java HotSpot(TM) 64-Bit Server VM (19.0.2+7-44, mixed mode, sharing, tiered, compressed oops, compressed class ptrs, g1 gc, windows-amd64)
# No core dump will be written. Minidumps are not enabled by default on client versions of Windows
#

---------------  S U M M A R Y ------------

Command Line: 

Host: AMD Ryzen 5 4600H with Radeon Graphics         , 12 cores, 15G,  Windows 11 , 64 bit Build 22000 (10.0.22000.1335)
Time: Fri Feb 10 17:35:10 2023 Türkiye Standart Saati elapsed time: 0.008933 seconds (0d 0h 0m 0s)

---------------  T H R E A D  ---------------

Current thread (0x0000015cab286690):  JavaThread "Unknown thread" [_thread_in_vm, id=3476, stack(0x0000003a7a400000,0x0000003a7a500000)]

Stack: [0x0000003a7a400000,0x0000003a7a500000]
Native frames: (J=compiled Java code, j=interpreted, Vv=VM code, C=native code)
V  [jvm.dll+0x6ee21a]
V  [jvm.dll+0x85765e]
V  [jvm.dll+0x85904e]
V  [jvm.dll+0x859703]
V  [jvm.dll+0x28298f]
V  [jvm.dll+0x6eb009]
V  [jvm.dll+0x6dfbaa]
V  [jvm.dll+0x3573f6]
V  [jvm.dll+0x35ee56]
V  [jvm.dll+0x3b541e]
V  [jvm.dll+0x3b564f]
V  [jvm.dll+0x32c9ea]
V  [jvm.dll+0x32d89e]
V  [jvm.dll+0x821780]
V  [jvm.dll+0x3c2661]
V  [jvm.dll+0x801f51]
V  [jvm.dll+0x44ae8f]
V  [jvm.dll+0x44c811]
C  [jli.dll+0x5287]
C  [ucrtbase.dll+0x26c0c]
C  [KERNEL32.DLL+0x155a0]
C  [ntdll.dll+0x485b]


---------------  P R O C E S S  ---------------

Threads class SMR info:
_java_thread_list=0x00007ff99fc9d048, length=0, elements={
}

Java Threads: ( => current thread )

Other Threads:
  0x0000015cab2f54e0 WorkerThread "GC Thread#0" [stack: 0x0000003a7a500000,0x0000003a7a600000] [id=18820]
  0x0000015cab305940 ConcurrentGCThread "G1 Main Marker" [stack: 0x0000003a7a600000,0x0000003a7a700000] [id=19672]
  0x0000015cab306270 WorkerThread "G1 Conc#0" [stack: 0x0000003a7a700000,0x0000003a7a800000] [id=15004]

[error occurred during error reporting (printing all threads), id 0xc0000005, EXCEPTION_ACCESS_VIOLATION (0xc0000005) at pc=0x00007ff99f45d427]

VM state: not at safepoint (not fully initialized)

VM Mutex/Monitor currently owned by a thread:  ([mutex/lock_event])
[0x0000015cab284000] Heap_lock - owner thread: 0x0000015cab286690

Heap address: 0x000000070a000000, size: 3936 MB, Compressed Oops mode: Zero based, Oop shift amount: 3

CDS archive(s) mapped at: [0x0000000000000000-0x0000000000000000-0x0000000000000000), size 0, SharedBaseAddress: 0x0000000800000000, ArchiveRelocationMode: 0.
Narrow klass base: 0x0000000000000000, Narrow klass shift: 0, Narrow klass range: 0x0

GC Precious Log:
 CardTable entry size: 512
 Card Set container configuration: InlinePtr #cards 4 size 8 Array Of Cards #cards 16 size 48 Howl #buckets 8 coarsen threshold 3686 Howl Bitmap #cards 512 size 80 coarsen threshold 460 Card regions per heap region 1 cards per card region 4096

Heap:
 garbage-first heap   total 0K, used 0K [0x000000070a000000, 0x0000000800000000)
  region size 2048K, 0 young (0K), 0 survivors (0K)

[error occurred during error reporting (printing heap information), id 0xc0000005, EXCEPTION_ACCESS_VIOLATION (0xc0000005) at pc=0x00007ff99f866649]

GC Heap History (0 events):
No events

Dll operation events (1 events):
Event: 0.005 Loaded shared library C:\Program Files\Java\jdk-19\bin\java.dll

Deoptimization events (0 events):
No events

Classes loaded (0 events):
No events

Classes unloaded (0 events):
No events

Classes redefined (0 events):
No events

Internal exceptions (0 events):
No events

VM Operations (0 events):
No events

Events (0 events):
No events


Dynamic libraries:
0x00007ff706ec0000 - 0x00007ff706ed0000 	C:\Program Files\Java\jdk-19\bin\java.exe
0x00007ffa019e0000 - 0x00007ffa01be9000 	C:\WINDOWS\SYSTEM32\ntdll.dll
0x00007ffa00690000 - 0x00007ffa0074e000 	C:\WINDOWS\System32\KERNEL32.DLL
0x00007ff9ff4e0000 - 0x00007ff9ff85b000 	C:\WINDOWS\System32\KERNELBASE.dll
0x00007ff9feeb0000 - 0x00007ff9fefc1000 	C:\WINDOWS\System32\ucrtbase.dll
0x00007ff9c8520000 - 0x00007ff9c853b000 	C:\Program Files\Java\jdk-19\bin\VCRUNTIME140.dll
0x00007ff9c8540000 - 0x00007ff9c8558000 	C:\Program Files\Java\jdk-19\bin\jli.dll
0x00007ffa005e0000 - 0x00007ffa0068e000 	C:\WINDOWS\System32\ADVAPI32.dll
0x00007ffa009b0000 - 0x00007ffa00a53000 	C:\WINDOWS\System32\msvcrt.dll
0x00007ffa00a60000 - 0x00007ffa00afe000 	C:\WINDOWS\System32\sechost.dll
0x00007ff9ff980000 - 0x00007ff9ffaa0000 	C:\WINDOWS\System32\RPCRT4.dll
0x00007ffa00770000 - 0x00007ffa0091d000 	C:\WINDOWS\System32\USER32.dll
0x00007ff9ff170000 - 0x00007ff9ff196000 	C:\WINDOWS\System32\win32u.dll
0x00007ff9f2470000 - 0x00007ff9f2715000 	C:\WINDOWS\WinSxS\amd64_microsoft.windows.common-controls_6595b64144ccf1df_6.0.22000.120_none_9d947278b86cc467\COMCTL32.dll
0x00007ff9ffdf0000 - 0x00007ff9ffe19000 	C:\WINDOWS\System32\GDI32.dll
0x00007ff9ff050000 - 0x00007ff9ff168000 	C:\WINDOWS\System32\gdi32full.dll
0x00007ff9ff3d0000 - 0x00007ff9ff46d000 	C:\WINDOWS\System32\msvcp_win.dll
0x00007ff9f6c40000 - 0x00007ff9f6c4a000 	C:\WINDOWS\SYSTEM32\VERSION.dll
0x00007ff9ffd40000 - 0x00007ff9ffd72000 	C:\WINDOWS\System32\IMM32.DLL
0x00007ff9ec250000 - 0x00007ff9ec25c000 	C:\Program Files\Java\jdk-19\bin\vcruntime140_1.dll
0x00007ff9a8260000 - 0x00007ff9a82ee000 	C:\Program Files\Java\jdk-19\bin\msvcp140.dll
0x00007ff99f120000 - 0x00007ff99fde0000 	C:\Program Files\Java\jdk-19\bin\server\jvm.dll
0x00007ff995b40000 - 0x00007ff995b49000 	C:\WINDOWS\SYSTEM32\WSOCK32.dll
0x00007ff9fb180000 - 0x00007ff9fb1b3000 	C:\WINDOWS\SYSTEM32\WINMM.dll
0x00007ff9ffc60000 - 0x00007ff9ffccf000 	C:\WINDOWS\System32\WS2_32.dll
0x00007ff9fdf00000 - 0x00007ff9fdf18000 	C:\WINDOWS\SYSTEM32\kernel.appcore.dll
0x00007ff9ec0b0000 - 0x00007ff9ec0ba000 	C:\Program Files\Java\jdk-19\bin\jimage.dll
0x00007ff9fc6d0000 - 0x00007ff9fc8f1000 	C:\WINDOWS\SYSTEM32\DBGHELP.DLL
0x00007ff9e58d0000 - 0x00007ff9e5901000 	C:\WINDOWS\SYSTEM32\dbgcore.DLL
0x00007ff9fefd0000 - 0x00007ff9ff04f000 	C:\WINDOWS\System32\bcryptPrimitives.dll
0x00007ff9c3a90000 - 0x00007ff9c3ab6000 	C:\Program Files\Java\jdk-19\bin\java.dll

dbghelp: loaded successfully - version: 4.0.5 - missing functions: none
symbol engine: initialized successfully - sym options: 0x614 - pdb path: .;C:\Program Files\Java\jdk-19\bin;C:\WINDOWS\SYSTEM32;C:\WINDOWS\WinSxS\amd64_microsoft.windows.common-controls_6595b64144ccf1df_6.0.22000.120_none_9d947278b86cc467;C:\Program Files\Java\jdk-19\bin\server

VM Arguments:
java_command: <unknown>
java_class_path (initial): <not set>
Launcher Type: SUN_STANDARD

[Global flags]
     intx CICompilerCount                          = 4                                         {product} {ergonomic}
     uint ConcGCThreads                            = 3                                         {product} {ergonomic}
     uint G1ConcRefinementThreads                  = 10                                        {product} {ergonomic}
   size_t G1HeapRegionSize                         = 2097152                                   {product} {ergonomic}
    uintx GCDrainStackTargetSize                   = 64                                        {product} {ergonomic}
   size_t InitialHeapSize                          = 257949696                                 {product} {ergonomic}
   size_t MarkStackSize                            = 4194304                                   {product} {ergonomic}
   size_t MaxHeapSize                              = 4127195136                                {product} {ergonomic}
   size_t MinHeapDeltaBytes                        = 2097152                                   {product} {ergonomic}
   size_t MinHeapSize                              = 8388608                                   {product} {ergonomic}
    uintx NonNMethodCodeHeapSize                   = 5839372                                {pd product} {ergonomic}
    uintx NonProfiledCodeHeapSize                  = 122909434                              {pd product} {ergonomic}
    uintx ProfiledCodeHeapSize                     = 122909434                              {pd product} {ergonomic}
    uintx ReservedCodeCacheSize                    = 251658240                              {pd product} {ergonomic}
     bool SegmentedCodeCache                       = true                                      {product} {ergonomic}
   size_t SoftMaxHeapSize                          = 4127195136                             {manageable} {ergonomic}
     bool UseCompressedClassPointers               = true                           {product lp64_product} {ergonomic}
     bool UseCompressedOops                        = true                           {product lp64_product} {ergonomic}
     bool UseG1GC                                  = true                                      {product} {ergonomic}
     bool UseLargePagesIndividualAllocation        = false                                  {pd product} {ergonomic}

Logging:
Log output configuration:
 #0: stdout all=warning uptime,level,tags foldmultilines=false
 #1: stderr all=off uptime,level,tags foldmultilines=false

Environment Variables:
PATH=D:\omer_files\development\web-programlama\Kodlar\REACTNATIVE_Library\hello_world\android\node_modules\.bin;D:\omer_files\development\web-programlama\Kodlar\REACTNATIVE_Library\hello_world\node_modules\.bin;D:\omer_files\development\web-programlama\Kodlar\REACTNATIVE_Library\node_modules\.bin;D:\omer_files\development\web-programlama\Kodlar\node_modules\.bin;D:\omer_files\development\web-programlama\node_modules\.bin;D:\omer_files\development\node_modules\.bin;D:\omer_files\node_modules\.bin;D:\node_modules\.bin;C:\Program Files\nodejs;D:\omer_files\development\web-programlama\Kodlar\REACTNATIVE_Library\hello_world\node_modules\.bin;D:\omer_files\development\web-programlama\Kodlar\REACTNATIVE_Library\hello_world\node_modules\.bin;D:\omer_files\development\web-programlama\Kodlar\REACTNATIVE_Library\node_modules\.bin;D:\omer_files\development\web-programlama\Kodlar\node_modules\.bin;D:\omer_files\development\web-programlama\node_modules\.bin;D:\omer_files\development\node_modules\.bin;D:\omer_files\node_modules\.bin;D:\node_modules\.bin;C:\Users\kapla\AppData\Roaming\nvm\v16.18.0\node_modules\npm\node_modules\@npmcli\run-script\lib\node-gyp-bin;D:\omer_files\development\web-programlama\Kodlar\REACTNATIVE_Library\hello_world\node_modules\.bin;D:\omer_files\development\web-programlama\Kodlar\REACTNATIVE_Library\node_modules\.bin;D:\omer_files\development\web-programlama\Kodlar\node_modules\.bin;D:\omer_files\development\web-programlama\node_modules\.bin;D:\omer_files\development\node_modules\.bin;D:\omer_files\node_modules\.bin;D:\node_modules\.bin;C:\Program Files\nodejs;D:\omer_files\development\web-programlama\Kodlar\REACTNATIVE_Library\hello_world\node_modules\.bin;D:\omer_files\development\web-programlama\Kodlar\REACTNATIVE_Library\hello_world\node_modules\.bin;D:\omer_files\development\web-programlama\Kodlar\REACTNATIVE_Library\node_modules\.bin;D:\omer_files\development\web-programlama\Kodlar\node_modules\.bin;D:\omer_files\development\web-programlama\node_modules\.bin;D:\omer_files\development\node_modules\.bin;D:\omer_files\node_modules\.bin;D:\node_modules\.bin;C:\Users\kapla\AppData\Roaming\nvm\v16.18.0\node_modules\npm\node_modules\@npmcli\run-script\lib\node-gyp-bin;C:\Program Files\Common Files\Oracle\Java\javapath;C:\Users\kapla\AppData\Roaming\Composer\vendor\bin;C:\Windows\system32;C:\Windows;C:\Windows\System32\Wbem;C:\Windows\System32\WindowsPowerShell\v1.0\;C:\Windows\System32\OpenSSH\;C:\Program Files\Microsoft SQL Server\130\Tools\Binn\;C:\Program Files\Microsoft SQL Server\Client SDK\ODBC\170\Tools\Binn\;C:\ProgramData\ComposerSetup\bin;C:\Program Files\Git\cmd;C:\Program Files (x86)\Microsoft SQL Server\150\DTS\Binn\;C:\Program Files\Azure Data Studio\bin;C:\Program Files (x86)\Microsoft SQL Server\150\Tools\Binn\;C:\Program Files\Microsoft SQL Server\150\Tools\Binn\;C:\Program Files\Microsoft SQL Server\150\DTS\Binn\;C:\WINDOWS\system32;C:\WINDOWS;C:\WINDOWS\System32\Wbem;C:\WINDOWS\System32\WindowsPowerShell\v1.0\;C:\WINDOWS\System32\OpenSSH\;C:\Program Files\dotnet\;C:\Program Files\Docker\Docker\resources\bin;C:\Users\kapla\AppData\Roaming\nvm;C:\Program Files\nodejs;C:\wamp64\bin\php\php7.4.26;C:\Users\kapla\AppData\Local\Android\Sdk\platform-tools;C:\Program Files\Eclipse Foundation\jdk-8.0.302.8-hotspot\bin;C:\Program Files (x86)\Common Files\Oracle\Java\javapath;C:\Windows\system32;C:\Windows;C:\Windows\System32\Wbem;C:\Windows\System32\WindowsPowerShell\v1.0\;C:\Windows\System32\OpenSSH\;C:\Program Files\Microsoft SQL Server\130\Tools\Binn\;C:\Program Files\Microsoft SQL Server\Client SDK\ODBC\170\Tools\Binn\;C:\ProgramData\ComposerSetup\bin;C:\Program Files\Git\cmd;C:\Program Files (x86)\Microsoft SQL Server\150\DTS\Binn\;C:\Program Files\Azure Data Studio\bin;C:\Program Files (x86)\Microsoft SQL Server\150\Tools\Binn\;C:\Program Files\Microsoft SQL Server\150\Tools\Binn\;C:\Program Files\Microsoft SQL Server\150\DTS\Binn\;C:\WINDOWS\system32;C:\WINDOWS;C:\WINDOWS\System32\Wbem;C:\WINDOWS\System32\WindowsPowerShell\v1.0\;C:\WINDOWS\System32\OpenSSH\;C:\Program Files\dotnet\;C:\Program Files\Docker\Docker\resources\bin;C:\Users\kapla\AppData\Roaming\nvm;C:\Program Files\nodejs;C:\Users\kapla\AppData\Local\Microsoft\WindowsApps;C:\Users\kapla\AppData;C:\Users\kapla\AppData\Local\Programs\Microsoft VS Code\bin;C:\Users\kapla\.dotnet\tools
USERNAME=kapla
LANG=en_US.UTF-8
OS=Windows_NT
PROCESSOR_IDENTIFIER=AMD64 Family 23 Model 96 Stepping 1, AuthenticAMD
TMP=C:\Users\kapla\AppData\Local\Temp
TEMP=C:\Users\kapla\AppData\Local\Temp



---------------  S Y S T E M  ---------------

OS:
 Windows 11 , 64 bit Build 22000 (10.0.22000.1335)
OS uptime: 0 days 1:05 hours
Hyper-V role detected

CPU: total 12 (initial active 12) (12 cores per cpu, 2 threads per core) family 23 model 96 stepping 1 microcode 0x0, cx8, cmov, fxsr, ht, mmx, 3dnowpref, sse, sse2, sse3, ssse3, sse4a, sse4.1, sse4.2, popcnt, lzcnt, tsc, tscinvbit, avx, avx2, aes, clmul, bmi1, bmi2, adx, sha, fma, vzeroupper, clflush, clflushopt, hv, rdtscp, rdpid

Memory: 4k page, system-wide physical 15741M (1857M free)
TotalPageFile size 17789M (AvailPageFile size 78M)
current process WorkingSet (physical memory assigned to process): 11M, peak: 11M
current process commit charge ("private bytes"): 64M, peak: 310M

vm_info: Java HotSpot(TM) 64-Bit Server VM (19.0.2+7-44) for windows-amd64 JRE (19.0.2+7-44), built on 2022-11-30T18:02:09Z by "mach5one" with MS VC++ 17.1 (VS2022)

END.
