#
# There is insufficient memory for the Java Runtime Environment to continue.
# Native memory allocation (malloc) failed to allocate 1029456 bytes for Chunk::new
# Possible reasons:
#   The system is out of physical RAM or swap space
#   The process is running with CompressedOops enabled, and the Java Heap may be blocking the growth of the native heap
# Possible solutions:
#   Reduce memory load on the system
#   Increase physical memory or swap space
#   Check if swap backing store is full
#   Decrease Java heap size (-Xmx/-Xms)
#   Decrease number of Java threads
#   Decrease Java thread stack sizes (-Xss)
#   Set larger code cache with -XX:ReservedCodeCacheSize=
#   JVM is running with Unscaled Compressed Oops mode in which the Java heap is
#     placed in the first 4GB address space. The Java Heap base address is the
#     maximum limit for the native heap growth. Please use -XX:HeapBaseMinAddress
#     to set the Java Heap base and to place the Java Heap above 4GB virtual address.
# This output file may be truncated or incomplete.
#
#  Out of Memory Error (arena.cpp:184), pid=19384, tid=24488
#
# JRE version: Java(TM) SE Runtime Environment (19.0.2+7) (build 19.0.2+7-44)
# Java VM: Java HotSpot(TM) 64-Bit Server VM (19.0.2+7-44, mixed mode, sharing, tiered, compressed oops, compressed class ptrs, g1 gc, windows-amd64)
# No core dump will be written. Minidumps are not enabled by default on client versions of Windows
#

---------------  S U M M A R Y ------------

Command Line: -XX:MaxMetaspaceSize=512m --add-opens=java.base/java.util=ALL-UNNAMED --add-opens=java.base/java.lang=ALL-UNNAMED --add-opens=java.base/java.lang.invoke=ALL-UNNAMED --add-opens=java.base/java.util=ALL-UNNAMED --add-opens=java.prefs/java.util.prefs=ALL-UNNAMED --add-opens=java.prefs/java.util.prefs=ALL-UNNAMED --add-opens=java.base/java.nio.charset=ALL-UNNAMED --add-opens=java.base/java.net=ALL-UNNAMED --add-opens=java.base/java.util.concurrent.atomic=ALL-UNNAMED -Xmx2048m -Dfile.encoding=UTF-8 -Duser.country=TR -Duser.language=tr -Duser.variant org.gradle.launcher.daemon.bootstrap.GradleDaemon 7.5.1

Host: AMD Ryzen 5 4600H with Radeon Graphics         , 12 cores, 15G,  Windows 11 , 64 bit Build 22621 (10.0.22621.1105)
Time: Mon Feb 13 09:54:18 2023 Türkiye Standart Saati elapsed time: 2.904447 seconds (0d 0h 0m 2s)

---------------  T H R E A D  ---------------

Current thread (0x0000015d67af5650):  JavaThread "C2 CompilerThread0" daemon [_thread_in_native, id=24488, stack(0x00000005dee00000,0x00000005def00000)]


Current CompileTask:
C2:   2904 2439   !   4       java.lang.ClassLoader::loadClass (121 bytes)

Stack: [0x00000005dee00000,0x00000005def00000]
Native frames: (J=compiled Java code, j=interpreted, Vv=VM code, C=native code)
V  [jvm.dll+0x6ee21a]
V  [jvm.dll+0x85765e]
V  [jvm.dll+0x85904e]
V  [jvm.dll+0x859703]
V  [jvm.dll+0x28298f]
V  [jvm.dll+0xc9adf]
V  [jvm.dll+0xc9e65]
V  [jvm.dll+0x2f7caf]
V  [jvm.dll+0x5f076b]
V  [jvm.dll+0x25590c]
V  [jvm.dll+0x24e1a7]
V  [jvm.dll+0x24b673]
V  [jvm.dll+0x1d6ce1]
V  [jvm.dll+0x25b25a]
V  [jvm.dll+0x2596e8]
V  [jvm.dll+0x807588]
V  [jvm.dll+0x80125a]
V  [jvm.dll+0x6ecf0b]
C  [ucrtbase.dll+0x29363]
C  [KERNEL32.DLL+0x126bd]
C  [ntdll.dll+0x5dfb8]


---------------  P R O C E S S  ---------------

Threads class SMR info:
_java_thread_list=0x0000015d6db06fb0, length=26, elements={
0x0000015d48df4ff0, 0x0000015d67ae94c0, 0x0000015d67ae9df0, 0x0000015d67aeb660,
0x0000015d67aedfa0, 0x0000015d67aee8d0, 0x0000015d67af1c30, 0x0000015d67af5650,
0x0000015d67af9fd0, 0x0000015d67afb0e0, 0x0000015d67cbc540, 0x0000015d67cc6ea0,
0x0000015d67d5bde0, 0x0000015d6c9faaa0, 0x0000015d6d66e7a0, 0x0000015d6d895ee0,
0x0000015d6d990a00, 0x0000015d6d983360, 0x0000015d6d9a3000, 0x0000015d6d9ba870,
0x0000015d6d9c7ee0, 0x0000015d6d9c8980, 0x0000015d6d9c6450, 0x0000015d6d9c9420,
0x0000015d6d9c8430, 0x0000015d6d9c8ed0
}

Java Threads: ( => current thread )
  0x0000015d48df4ff0 JavaThread "main" [_thread_blocked, id=28392, stack(0x00000005de100000,0x00000005de200000)]
  0x0000015d67ae94c0 JavaThread "Reference Handler" daemon [_thread_blocked, id=26884, stack(0x00000005de800000,0x00000005de900000)]
  0x0000015d67ae9df0 JavaThread "Finalizer" daemon [_thread_blocked, id=9768, stack(0x00000005de900000,0x00000005dea00000)]
  0x0000015d67aeb660 JavaThread "Signal Dispatcher" daemon [_thread_blocked, id=17104, stack(0x00000005dea00000,0x00000005deb00000)]
  0x0000015d67aedfa0 JavaThread "Attach Listener" daemon [_thread_blocked, id=1904, stack(0x00000005deb00000,0x00000005dec00000)]
  0x0000015d67aee8d0 JavaThread "Service Thread" daemon [_thread_blocked, id=25344, stack(0x00000005dec00000,0x00000005ded00000)]
  0x0000015d67af1c30 JavaThread "Monitor Deflation Thread" daemon [_thread_blocked, id=27640, stack(0x00000005ded00000,0x00000005dee00000)]
=>0x0000015d67af5650 JavaThread "C2 CompilerThread0" daemon [_thread_in_native, id=24488, stack(0x00000005dee00000,0x00000005def00000)]
  0x0000015d67af9fd0 JavaThread "C1 CompilerThread0" daemon [_thread_blocked, id=20852, stack(0x00000005def00000,0x00000005df000000)]
  0x0000015d67afb0e0 JavaThread "Sweeper thread" daemon [_thread_blocked, id=23592, stack(0x00000005df000000,0x00000005df100000)]
  0x0000015d67cbc540 JavaThread "Common-Cleaner" daemon [_thread_blocked, id=17772, stack(0x00000005df100000,0x00000005df200000)]
  0x0000015d67cc6ea0 JavaThread "Notification Thread" daemon [_thread_blocked, id=28232, stack(0x00000005df200000,0x00000005df300000)]
  0x0000015d67d5bde0 JavaThread "C2 CompilerThread1" daemon [_thread_in_native, id=15388, stack(0x00000005df400000,0x00000005df500000)]
  0x0000015d6c9faaa0 JavaThread "Daemon health stats" [_thread_blocked, id=27480, stack(0x00000005dfa00000,0x00000005dfb00000)]
  0x0000015d6d66e7a0 JavaThread "Incoming local TCP Connector on port 51904" [_thread_in_native, id=9924, stack(0x00000005df500000,0x00000005df600000)]
  0x0000015d6d895ee0 JavaThread "Daemon periodic checks" [_thread_blocked, id=28384, stack(0x00000005dfb00000,0x00000005dfc00000)]
  0x0000015d6d990a00 JavaThread "Daemon" [_thread_blocked, id=1128, stack(0x00000005dfc00000,0x00000005dfd00000)]
  0x0000015d6d983360 JavaThread "Handler for socket connection from /127.0.0.1:51904 to /127.0.0.1:51905" [_thread_in_native, id=28284, stack(0x00000005dfd00000,0x00000005dfe00000)]
  0x0000015d6d9a3000 JavaThread "Cancel handler" [_thread_blocked, id=26296, stack(0x00000005dfe00000,0x00000005dff00000)]
  0x0000015d6d9ba870 JavaThread "Daemon worker" [_thread_in_Java, id=14624, stack(0x00000005dff00000,0x00000005e0000000)]
  0x0000015d6d9c7ee0 JavaThread "Asynchronous log dispatcher for DefaultDaemonConnection: socket connection from /127.0.0.1:51904 to /127.0.0.1:51905" [_thread_blocked, id=24848, stack(0x00000005e0000000,0x00000005e0100000)]
  0x0000015d6d9c8980 JavaThread "Stdin handler" [_thread_blocked, id=6132, stack(0x00000005e0100000,0x00000005e0200000)]
  0x0000015d6d9c6450 JavaThread "Daemon client event forwarder" [_thread_blocked, id=15840, stack(0x00000005e0200000,0x00000005e0300000)]
  0x0000015d6d9c9420 JavaThread "Cache worker for journal cache (C:\Users\kapla\.gradle\caches\journal-1)" [_thread_blocked, id=22356, stack(0x00000005e0300000,0x00000005e0400000)]
  0x0000015d6d9c8430 JavaThread "File lock request listener" [_thread_in_native, id=10476, stack(0x00000005e0400000,0x00000005e0500000)]
  0x0000015d6d9c8ed0 JavaThread "Cache worker for file hash cache (C:\Users\kapla\.gradle\caches\7.5.1\fileHashes)" [_thread_blocked, id=20680, stack(0x00000005e0500000,0x00000005e0600000)]

Other Threads:
  0x0000015d67ad1070 VMThread "VM Thread" [stack: 0x00000005de700000,0x00000005de800000] [id=21796]
  0x0000015d67cc95b0 WatcherThread "VM Periodic Task Thread" [stack: 0x00000005df300000,0x00000005df400000] [id=27668]
  0x0000015d48e53e40 WorkerThread "GC Thread#0" [stack: 0x00000005de200000,0x00000005de300000] [id=27148]
  0x0000015d6c3b6140 WorkerThread "GC Thread#1" [stack: 0x00000005df600000,0x00000005df700000] [id=26768]
  0x0000015d6c3b5ba0 WorkerThread "GC Thread#2" [stack: 0x00000005df700000,0x00000005df800000] [id=6972]
  0x0000015d6c3b69b0 WorkerThread "GC Thread#3" [stack: 0x00000005df800000,0x00000005df900000] [id=5296]
  0x0000015d6c3b5600 WorkerThread "GC Thread#4" [stack: 0x00000005df900000,0x00000005dfa00000] [id=13648]
  0x0000015d48e64cf0 ConcurrentGCThread "G1 Main Marker" [stack: 0x00000005de300000,0x00000005de400000] [id=22568]
  0x0000015d48e654d0 WorkerThread "G1 Conc#0" [stack: 0x00000005de400000,0x00000005de500000] [id=17948]
  0x0000015d67a10e90 ConcurrentGCThread "G1 Refine#0" [stack: 0x00000005de500000,0x00000005de600000] [id=12172]
  0x0000015d67a11680 ConcurrentGCThread "G1 Service" [stack: 0x00000005de600000,0x00000005de700000] [id=1788]

Threads with active compile tasks:
C2 CompilerThread0     2919 2439   !   4       java.lang.ClassLoader::loadClass (121 bytes)
C2 CompilerThread1     2919 2445       4       java.lang.invoke.InvokerBytecodeGenerator::emitLoadInsn (21 bytes)

VM state: not at safepoint (normal execution)

VM Mutex/Monitor currently owned by a thread: None

Heap address: 0x0000000080000000, size: 2048 MB, Compressed Oops mode: 32-bit

CDS archive(s) mapped at: [0x0000000800000000-0x0000000800c40000-0x0000000800c40000), size 12845056, SharedBaseAddress: 0x0000000800000000, ArchiveRelocationMode: 0.
Compressed class space mapped at: 0x0000000801000000-0x000000081ac00000, reserved size: 432013312
Narrow klass base: 0x0000000800000000, Narrow klass shift: 0, Narrow klass range: 0x100000000

GC Precious Log:
 CardTable entry size: 512
 Card Set container configuration: InlinePtr #cards 5 size 8 Array Of Cards #cards 12 size 40 Howl #buckets 4 coarsen threshold 1843 Howl Bitmap #cards 512 size 80 coarsen threshold 460 Card regions per heap region 1 cards per card region 2048
 CPUs: 12 total, 12 available
 Memory: 15741M
 Large Page Support: Disabled
 NUMA Support: Disabled
 Compressed Oops: Enabled (32-bit)
 Heap Region Size: 1M
 Heap Min Capacity: 8M
 Heap Initial Capacity: 246M
 Heap Max Capacity: 2G
 Pre-touch: Disabled
 Parallel Workers: 10
 Concurrent Workers: 3
 Concurrent Refinement Workers: 10
 Periodic GC: Disabled

Heap:
 garbage-first heap   total 251904K, used 66357K [0x0000000080000000, 0x0000000100000000)
  region size 1024K, 57 young (58368K), 4 survivors (4096K)
 Metaspace       used 15150K, committed 15616K, reserved 487424K
  class space    used 2094K, committed 2304K, reserved 421888K

Heap Regions: E=young(eden), S=young(survivor), O=old, HS=humongous(starts), HC=humongous(continues), CS=collection set, F=free, OA=open archive, CA=closed archive, TAMS=top-at-mark-start (previous, next)
|   0|0x0000000080000000, 0x0000000080000000, 0x0000000080100000|  0%| F|  |TAMS 0x0000000080000000, 0x0000000080000000| Untracked 
|   1|0x0000000080100000, 0x0000000080200000, 0x0000000080200000|100%| O|  |TAMS 0x0000000080100000, 0x0000000080100000| Untracked 
|   2|0x0000000080200000, 0x0000000080300000, 0x0000000080300000|100%| O|  |TAMS 0x0000000080200000, 0x0000000080200000| Untracked 
|   3|0x0000000080300000, 0x0000000080400000, 0x0000000080400000|100%|HS|  |TAMS 0x0000000080300000, 0x0000000080300000| Complete 
|   4|0x0000000080400000, 0x0000000080500000, 0x0000000080500000|100%|HC|  |TAMS 0x0000000080400000, 0x0000000080400000| Complete 
|   5|0x0000000080500000, 0x0000000080600000, 0x0000000080600000|100%|HC|  |TAMS 0x0000000080500000, 0x0000000080500000| Complete 
|   6|0x0000000080600000, 0x0000000080700000, 0x0000000080700000|100%| O|  |TAMS 0x0000000080600000, 0x0000000080600000| Untracked 
|   7|0x0000000080700000, 0x0000000080800000, 0x0000000080800000|100%| O|  |TAMS 0x0000000080700000, 0x0000000080700000| Untracked 
|   8|0x0000000080800000, 0x0000000080900000, 0x0000000080900000|100%| O|  |TAMS 0x0000000080800000, 0x0000000080800000| Untracked 
|   9|0x0000000080900000, 0x00000000809cd600, 0x0000000080a00000| 80%| O|  |TAMS 0x0000000080900000, 0x0000000080900000| Untracked 
|  10|0x0000000080a00000, 0x0000000080a00000, 0x0000000080b00000|  0%| F|  |TAMS 0x0000000080a00000, 0x0000000080a00000| Untracked 
|  11|0x0000000080b00000, 0x0000000080b00000, 0x0000000080c00000|  0%| F|  |TAMS 0x0000000080b00000, 0x0000000080b00000| Untracked 
|  12|0x0000000080c00000, 0x0000000080c00000, 0x0000000080d00000|  0%| F|  |TAMS 0x0000000080c00000, 0x0000000080c00000| Untracked 
|  13|0x0000000080d00000, 0x0000000080d00000, 0x0000000080e00000|  0%| F|  |TAMS 0x0000000080d00000, 0x0000000080d00000| Untracked 
|  14|0x0000000080e00000, 0x0000000080e00000, 0x0000000080f00000|  0%| F|  |TAMS 0x0000000080e00000, 0x0000000080e00000| Untracked 
|  15|0x0000000080f00000, 0x0000000080f00000, 0x0000000081000000|  0%| F|  |TAMS 0x0000000080f00000, 0x0000000080f00000| Untracked 
|  16|0x0000000081000000, 0x0000000081000000, 0x0000000081100000|  0%| F|  |TAMS 0x0000000081000000, 0x0000000081000000| Untracked 
|  17|0x0000000081100000, 0x0000000081100000, 0x0000000081200000|  0%| F|  |TAMS 0x0000000081100000, 0x0000000081100000| Untracked 
|  18|0x0000000081200000, 0x0000000081200000, 0x0000000081300000|  0%| F|  |TAMS 0x0000000081200000, 0x0000000081200000| Untracked 
|  19|0x0000000081300000, 0x0000000081300000, 0x0000000081400000|  0%| F|  |TAMS 0x0000000081300000, 0x0000000081300000| Untracked 
|  20|0x0000000081400000, 0x0000000081400000, 0x0000000081500000|  0%| F|  |TAMS 0x0000000081400000, 0x0000000081400000| Untracked 
|  21|0x0000000081500000, 0x0000000081500000, 0x0000000081600000|  0%| F|  |TAMS 0x0000000081500000, 0x0000000081500000| Untracked 
|  22|0x0000000081600000, 0x0000000081600000, 0x0000000081700000|  0%| F|  |TAMS 0x0000000081600000, 0x0000000081600000| Untracked 
|  23|0x0000000081700000, 0x0000000081700000, 0x0000000081800000|  0%| F|  |TAMS 0x0000000081700000, 0x0000000081700000| Untracked 
|  24|0x0000000081800000, 0x0000000081800000, 0x0000000081900000|  0%| F|  |TAMS 0x0000000081800000, 0x0000000081800000| Untracked 
|  25|0x0000000081900000, 0x0000000081900000, 0x0000000081a00000|  0%| F|  |TAMS 0x0000000081900000, 0x0000000081900000| Untracked 
|  26|0x0000000081a00000, 0x0000000081a00000, 0x0000000081b00000|  0%| F|  |TAMS 0x0000000081a00000, 0x0000000081a00000| Untracked 
|  27|0x0000000081b00000, 0x0000000081b00000, 0x0000000081c00000|  0%| F|  |TAMS 0x0000000081b00000, 0x0000000081b00000| Untracked 
|  28|0x0000000081c00000, 0x0000000081c00000, 0x0000000081d00000|  0%| F|  |TAMS 0x0000000081c00000, 0x0000000081c00000| Untracked 
|  29|0x0000000081d00000, 0x0000000081d00000, 0x0000000081e00000|  0%| F|  |TAMS 0x0000000081d00000, 0x0000000081d00000| Untracked 
|  30|0x0000000081e00000, 0x0000000081e00000, 0x0000000081f00000|  0%| F|  |TAMS 0x0000000081e00000, 0x0000000081e00000| Untracked 
|  31|0x0000000081f00000, 0x0000000081f00000, 0x0000000082000000|  0%| F|  |TAMS 0x0000000081f00000, 0x0000000081f00000| Untracked 
|  32|0x0000000082000000, 0x0000000082000000, 0x0000000082100000|  0%| F|  |TAMS 0x0000000082000000, 0x0000000082000000| Untracked 
|  33|0x0000000082100000, 0x0000000082100000, 0x0000000082200000|  0%| F|  |TAMS 0x0000000082100000, 0x0000000082100000| Untracked 
|  34|0x0000000082200000, 0x0000000082200000, 0x0000000082300000|  0%| F|  |TAMS 0x0000000082200000, 0x0000000082200000| Untracked 
|  35|0x0000000082300000, 0x0000000082300000, 0x0000000082400000|  0%| F|  |TAMS 0x0000000082300000, 0x0000000082300000| Untracked 
|  36|0x0000000082400000, 0x0000000082400000, 0x0000000082500000|  0%| F|  |TAMS 0x0000000082400000, 0x0000000082400000| Untracked 
|  37|0x0000000082500000, 0x0000000082500000, 0x0000000082600000|  0%| F|  |TAMS 0x0000000082500000, 0x0000000082500000| Untracked 
|  38|0x0000000082600000, 0x0000000082600000, 0x0000000082700000|  0%| F|  |TAMS 0x0000000082600000, 0x0000000082600000| Untracked 
|  39|0x0000000082700000, 0x0000000082700000, 0x0000000082800000|  0%| F|  |TAMS 0x0000000082700000, 0x0000000082700000| Untracked 
|  40|0x0000000082800000, 0x0000000082800000, 0x0000000082900000|  0%| F|  |TAMS 0x0000000082800000, 0x0000000082800000| Untracked 
|  41|0x0000000082900000, 0x0000000082900000, 0x0000000082a00000|  0%| F|  |TAMS 0x0000000082900000, 0x0000000082900000| Untracked 
|  42|0x0000000082a00000, 0x0000000082a00000, 0x0000000082b00000|  0%| F|  |TAMS 0x0000000082a00000, 0x0000000082a00000| Untracked 
|  43|0x0000000082b00000, 0x0000000082b00000, 0x0000000082c00000|  0%| F|  |TAMS 0x0000000082b00000, 0x0000000082b00000| Untracked 
|  44|0x0000000082c00000, 0x0000000082c00000, 0x0000000082d00000|  0%| F|  |TAMS 0x0000000082c00000, 0x0000000082c00000| Untracked 
|  45|0x0000000082d00000, 0x0000000082d00000, 0x0000000082e00000|  0%| F|  |TAMS 0x0000000082d00000, 0x0000000082d00000| Untracked 
|  46|0x0000000082e00000, 0x0000000082e00000, 0x0000000082f00000|  0%| F|  |TAMS 0x0000000082e00000, 0x0000000082e00000| Untracked 
|  47|0x0000000082f00000, 0x0000000082f00000, 0x0000000083000000|  0%| F|  |TAMS 0x0000000082f00000, 0x0000000082f00000| Untracked 
|  48|0x0000000083000000, 0x0000000083000000, 0x0000000083100000|  0%| F|  |TAMS 0x0000000083000000, 0x0000000083000000| Untracked 
|  49|0x0000000083100000, 0x0000000083100000, 0x0000000083200000|  0%| F|  |TAMS 0x0000000083100000, 0x0000000083100000| Untracked 
|  50|0x0000000083200000, 0x0000000083200000, 0x0000000083300000|  0%| F|  |TAMS 0x0000000083200000, 0x0000000083200000| Untracked 
|  51|0x0000000083300000, 0x0000000083300000, 0x0000000083400000|  0%| F|  |TAMS 0x0000000083300000, 0x0000000083300000| Untracked 
|  52|0x0000000083400000, 0x0000000083400000, 0x0000000083500000|  0%| F|  |TAMS 0x0000000083400000, 0x0000000083400000| Untracked 
|  53|0x0000000083500000, 0x0000000083500000, 0x0000000083600000|  0%| F|  |TAMS 0x0000000083500000, 0x0000000083500000| Untracked 
|  54|0x0000000083600000, 0x0000000083600000, 0x0000000083700000|  0%| F|  |TAMS 0x0000000083600000, 0x0000000083600000| Untracked 
|  55|0x0000000083700000, 0x0000000083700000, 0x0000000083800000|  0%| F|  |TAMS 0x0000000083700000, 0x0000000083700000| Untracked 
|  56|0x0000000083800000, 0x0000000083800000, 0x0000000083900000|  0%| F|  |TAMS 0x0000000083800000, 0x0000000083800000| Untracked 
|  57|0x0000000083900000, 0x0000000083900000, 0x0000000083a00000|  0%| F|  |TAMS 0x0000000083900000, 0x0000000083900000| Untracked 
|  58|0x0000000083a00000, 0x0000000083a00000, 0x0000000083b00000|  0%| F|  |TAMS 0x0000000083a00000, 0x0000000083a00000| Untracked 
|  59|0x0000000083b00000, 0x0000000083b00000, 0x0000000083c00000|  0%| F|  |TAMS 0x0000000083b00000, 0x0000000083b00000| Untracked 
|  60|0x0000000083c00000, 0x0000000083c00000, 0x0000000083d00000|  0%| F|  |TAMS 0x0000000083c00000, 0x0000000083c00000| Untracked 
|  61|0x0000000083d00000, 0x0000000083d00000, 0x0000000083e00000|  0%| F|  |TAMS 0x0000000083d00000, 0x0000000083d00000| Untracked 
|  62|0x0000000083e00000, 0x0000000083e00000, 0x0000000083f00000|  0%| F|  |TAMS 0x0000000083e00000, 0x0000000083e00000| Untracked 
|  63|0x0000000083f00000, 0x0000000083f00000, 0x0000000084000000|  0%| F|  |TAMS 0x0000000083f00000, 0x0000000083f00000| Untracked 
|  64|0x0000000084000000, 0x0000000084000000, 0x0000000084100000|  0%| F|  |TAMS 0x0000000084000000, 0x0000000084000000| Untracked 
|  65|0x0000000084100000, 0x0000000084100000, 0x0000000084200000|  0%| F|  |TAMS 0x0000000084100000, 0x0000000084100000| Untracked 
|  66|0x0000000084200000, 0x0000000084200000, 0x0000000084300000|  0%| F|  |TAMS 0x0000000084200000, 0x0000000084200000| Untracked 
|  67|0x0000000084300000, 0x0000000084300000, 0x0000000084400000|  0%| F|  |TAMS 0x0000000084300000, 0x0000000084300000| Untracked 
|  68|0x0000000084400000, 0x0000000084400000, 0x0000000084500000|  0%| F|  |TAMS 0x0000000084400000, 0x0000000084400000| Untracked 
|  69|0x0000000084500000, 0x0000000084500000, 0x0000000084600000|  0%| F|  |TAMS 0x0000000084500000, 0x0000000084500000| Untracked 
|  70|0x0000000084600000, 0x0000000084600000, 0x0000000084700000|  0%| F|  |TAMS 0x0000000084600000, 0x0000000084600000| Untracked 
|  71|0x0000000084700000, 0x0000000084700000, 0x0000000084800000|  0%| F|  |TAMS 0x0000000084700000, 0x0000000084700000| Untracked 
|  72|0x0000000084800000, 0x0000000084800000, 0x0000000084900000|  0%| F|  |TAMS 0x0000000084800000, 0x0000000084800000| Untracked 
|  73|0x0000000084900000, 0x0000000084900000, 0x0000000084a00000|  0%| F|  |TAMS 0x0000000084900000, 0x0000000084900000| Untracked 
|  74|0x0000000084a00000, 0x0000000084a00000, 0x0000000084b00000|  0%| F|  |TAMS 0x0000000084a00000, 0x0000000084a00000| Untracked 
|  75|0x0000000084b00000, 0x0000000084b00000, 0x0000000084c00000|  0%| F|  |TAMS 0x0000000084b00000, 0x0000000084b00000| Untracked 
|  76|0x0000000084c00000, 0x0000000084c00000, 0x0000000084d00000|  0%| F|  |TAMS 0x0000000084c00000, 0x0000000084c00000| Untracked 
|  77|0x0000000084d00000, 0x0000000084d00000, 0x0000000084e00000|  0%| F|  |TAMS 0x0000000084d00000, 0x0000000084d00000| Untracked 
|  78|0x0000000084e00000, 0x0000000084e00000, 0x0000000084f00000|  0%| F|  |TAMS 0x0000000084e00000, 0x0000000084e00000| Untracked 
|  79|0x0000000084f00000, 0x0000000084f00000, 0x0000000085000000|  0%| F|  |TAMS 0x0000000084f00000, 0x0000000084f00000| Untracked 
|  80|0x0000000085000000, 0x0000000085000000, 0x0000000085100000|  0%| F|  |TAMS 0x0000000085000000, 0x0000000085000000| Untracked 
|  81|0x0000000085100000, 0x0000000085100000, 0x0000000085200000|  0%| F|  |TAMS 0x0000000085100000, 0x0000000085100000| Untracked 
|  82|0x0000000085200000, 0x0000000085200000, 0x0000000085300000|  0%| F|  |TAMS 0x0000000085200000, 0x0000000085200000| Untracked 
|  83|0x0000000085300000, 0x0000000085300000, 0x0000000085400000|  0%| F|  |TAMS 0x0000000085300000, 0x0000000085300000| Untracked 
|  84|0x0000000085400000, 0x0000000085400000, 0x0000000085500000|  0%| F|  |TAMS 0x0000000085400000, 0x0000000085400000| Untracked 
|  85|0x0000000085500000, 0x0000000085500000, 0x0000000085600000|  0%| F|  |TAMS 0x0000000085500000, 0x0000000085500000| Untracked 
|  86|0x0000000085600000, 0x0000000085600000, 0x0000000085700000|  0%| F|  |TAMS 0x0000000085600000, 0x0000000085600000| Untracked 
|  87|0x0000000085700000, 0x0000000085700000, 0x0000000085800000|  0%| F|  |TAMS 0x0000000085700000, 0x0000000085700000| Untracked 
|  88|0x0000000085800000, 0x0000000085800000, 0x0000000085900000|  0%| F|  |TAMS 0x0000000085800000, 0x0000000085800000| Untracked 
|  89|0x0000000085900000, 0x0000000085900000, 0x0000000085a00000|  0%| F|  |TAMS 0x0000000085900000, 0x0000000085900000| Untracked 
|  90|0x0000000085a00000, 0x0000000085a00000, 0x0000000085b00000|  0%| F|  |TAMS 0x0000000085a00000, 0x0000000085a00000| Untracked 
|  91|0x0000000085b00000, 0x0000000085b00000, 0x0000000085c00000|  0%| F|  |TAMS 0x0000000085b00000, 0x0000000085b00000| Untracked 
|  92|0x0000000085c00000, 0x0000000085c00000, 0x0000000085d00000|  0%| F|  |TAMS 0x0000000085c00000, 0x0000000085c00000| Untracked 
|  93|0x0000000085d00000, 0x0000000085d00000, 0x0000000085e00000|  0%| F|  |TAMS 0x0000000085d00000, 0x0000000085d00000| Untracked 
|  94|0x0000000085e00000, 0x0000000085e00000, 0x0000000085f00000|  0%| F|  |TAMS 0x0000000085e00000, 0x0000000085e00000| Untracked 
|  95|0x0000000085f00000, 0x0000000085f00000, 0x0000000086000000|  0%| F|  |TAMS 0x0000000085f00000, 0x0000000085f00000| Untracked 
|  96|0x0000000086000000, 0x0000000086000000, 0x0000000086100000|  0%| F|  |TAMS 0x0000000086000000, 0x0000000086000000| Untracked 
|  97|0x0000000086100000, 0x0000000086100000, 0x0000000086200000|  0%| F|  |TAMS 0x0000000086100000, 0x0000000086100000| Untracked 
|  98|0x0000000086200000, 0x0000000086200000, 0x0000000086300000|  0%| F|  |TAMS 0x0000000086200000, 0x0000000086200000| Untracked 
|  99|0x0000000086300000, 0x0000000086300000, 0x0000000086400000|  0%| F|  |TAMS 0x0000000086300000, 0x0000000086300000| Untracked 
| 100|0x0000000086400000, 0x0000000086400000, 0x0000000086500000|  0%| F|  |TAMS 0x0000000086400000, 0x0000000086400000| Untracked 
| 101|0x0000000086500000, 0x0000000086500000, 0x0000000086600000|  0%| F|  |TAMS 0x0000000086500000, 0x0000000086500000| Untracked 
| 102|0x0000000086600000, 0x0000000086600000, 0x0000000086700000|  0%| F|  |TAMS 0x0000000086600000, 0x0000000086600000| Untracked 
| 103|0x0000000086700000, 0x0000000086700000, 0x0000000086800000|  0%| F|  |TAMS 0x0000000086700000, 0x0000000086700000| Untracked 
| 104|0x0000000086800000, 0x0000000086800000, 0x0000000086900000|  0%| F|  |TAMS 0x0000000086800000, 0x0000000086800000| Untracked 
| 105|0x0000000086900000, 0x0000000086900000, 0x0000000086a00000|  0%| F|  |TAMS 0x0000000086900000, 0x0000000086900000| Untracked 
| 106|0x0000000086a00000, 0x0000000086a00000, 0x0000000086b00000|  0%| F|  |TAMS 0x0000000086a00000, 0x0000000086a00000| Untracked 
| 107|0x0000000086b00000, 0x0000000086b00000, 0x0000000086c00000|  0%| F|  |TAMS 0x0000000086b00000, 0x0000000086b00000| Untracked 
| 108|0x0000000086c00000, 0x0000000086c00000, 0x0000000086d00000|  0%| F|  |TAMS 0x0000000086c00000, 0x0000000086c00000| Untracked 
| 109|0x0000000086d00000, 0x0000000086d00000, 0x0000000086e00000|  0%| F|  |TAMS 0x0000000086d00000, 0x0000000086d00000| Untracked 
| 110|0x0000000086e00000, 0x0000000086e00000, 0x0000000086f00000|  0%| F|  |TAMS 0x0000000086e00000, 0x0000000086e00000| Untracked 
| 111|0x0000000086f00000, 0x0000000086f00000, 0x0000000087000000|  0%| F|  |TAMS 0x0000000086f00000, 0x0000000086f00000| Untracked 
| 112|0x0000000087000000, 0x0000000087000000, 0x0000000087100000|  0%| F|  |TAMS 0x0000000087000000, 0x0000000087000000| Untracked 
| 113|0x0000000087100000, 0x0000000087100000, 0x0000000087200000|  0%| F|  |TAMS 0x0000000087100000, 0x0000000087100000| Untracked 
| 114|0x0000000087200000, 0x0000000087200000, 0x0000000087300000|  0%| F|  |TAMS 0x0000000087200000, 0x0000000087200000| Untracked 
| 115|0x0000000087300000, 0x0000000087300000, 0x0000000087400000|  0%| F|  |TAMS 0x0000000087300000, 0x0000000087300000| Untracked 
| 116|0x0000000087400000, 0x0000000087400000, 0x0000000087500000|  0%| F|  |TAMS 0x0000000087400000, 0x0000000087400000| Untracked 
| 117|0x0000000087500000, 0x0000000087500000, 0x0000000087600000|  0%| F|  |TAMS 0x0000000087500000, 0x0000000087500000| Untracked 
| 118|0x0000000087600000, 0x0000000087600000, 0x0000000087700000|  0%| F|  |TAMS 0x0000000087600000, 0x0000000087600000| Untracked 
| 119|0x0000000087700000, 0x0000000087700000, 0x0000000087800000|  0%| F|  |TAMS 0x0000000087700000, 0x0000000087700000| Untracked 
| 120|0x0000000087800000, 0x0000000087800000, 0x0000000087900000|  0%| F|  |TAMS 0x0000000087800000, 0x0000000087800000| Untracked 
| 121|0x0000000087900000, 0x0000000087900000, 0x0000000087a00000|  0%| F|  |TAMS 0x0000000087900000, 0x0000000087900000| Untracked 
| 122|0x0000000087a00000, 0x0000000087a00000, 0x0000000087b00000|  0%| F|  |TAMS 0x0000000087a00000, 0x0000000087a00000| Untracked 
| 123|0x0000000087b00000, 0x0000000087b00000, 0x0000000087c00000|  0%| F|  |TAMS 0x0000000087b00000, 0x0000000087b00000| Untracked 
| 124|0x0000000087c00000, 0x0000000087c00000, 0x0000000087d00000|  0%| F|  |TAMS 0x0000000087c00000, 0x0000000087c00000| Untracked 
| 125|0x0000000087d00000, 0x0000000087d00000, 0x0000000087e00000|  0%| F|  |TAMS 0x0000000087d00000, 0x0000000087d00000| Untracked 
| 126|0x0000000087e00000, 0x0000000087e00000, 0x0000000087f00000|  0%| F|  |TAMS 0x0000000087e00000, 0x0000000087e00000| Untracked 
| 127|0x0000000087f00000, 0x0000000087f00000, 0x0000000088000000|  0%| F|  |TAMS 0x0000000087f00000, 0x0000000087f00000| Untracked 
| 128|0x0000000088000000, 0x0000000088000000, 0x0000000088100000|  0%| F|  |TAMS 0x0000000088000000, 0x0000000088000000| Untracked 
| 129|0x0000000088100000, 0x0000000088100000, 0x0000000088200000|  0%| F|  |TAMS 0x0000000088100000, 0x0000000088100000| Untracked 
| 130|0x0000000088200000, 0x0000000088200000, 0x0000000088300000|  0%| F|  |TAMS 0x0000000088200000, 0x0000000088200000| Untracked 
| 131|0x0000000088300000, 0x0000000088300000, 0x0000000088400000|  0%| F|  |TAMS 0x0000000088300000, 0x0000000088300000| Untracked 
| 132|0x0000000088400000, 0x0000000088400000, 0x0000000088500000|  0%| F|  |TAMS 0x0000000088400000, 0x0000000088400000| Untracked 
| 133|0x0000000088500000, 0x0000000088500000, 0x0000000088600000|  0%| F|  |TAMS 0x0000000088500000, 0x0000000088500000| Untracked 
| 134|0x0000000088600000, 0x0000000088600000, 0x0000000088700000|  0%| F|  |TAMS 0x0000000088600000, 0x0000000088600000| Untracked 
| 135|0x0000000088700000, 0x0000000088700000, 0x0000000088800000|  0%| F|  |TAMS 0x0000000088700000, 0x0000000088700000| Untracked 
| 136|0x0000000088800000, 0x0000000088800000, 0x0000000088900000|  0%| F|  |TAMS 0x0000000088800000, 0x0000000088800000| Untracked 
| 137|0x0000000088900000, 0x0000000088900000, 0x0000000088a00000|  0%| F|  |TAMS 0x0000000088900000, 0x0000000088900000| Untracked 
| 138|0x0000000088a00000, 0x0000000088a00000, 0x0000000088b00000|  0%| F|  |TAMS 0x0000000088a00000, 0x0000000088a00000| Untracked 
| 139|0x0000000088b00000, 0x0000000088b00000, 0x0000000088c00000|  0%| F|  |TAMS 0x0000000088b00000, 0x0000000088b00000| Untracked 
| 140|0x0000000088c00000, 0x0000000088c00000, 0x0000000088d00000|  0%| F|  |TAMS 0x0000000088c00000, 0x0000000088c00000| Untracked 
| 141|0x0000000088d00000, 0x0000000088d00000, 0x0000000088e00000|  0%| F|  |TAMS 0x0000000088d00000, 0x0000000088d00000| Untracked 
| 142|0x0000000088e00000, 0x0000000088e00000, 0x0000000088f00000|  0%| F|  |TAMS 0x0000000088e00000, 0x0000000088e00000| Untracked 
| 143|0x0000000088f00000, 0x0000000088f00000, 0x0000000089000000|  0%| F|  |TAMS 0x0000000088f00000, 0x0000000088f00000| Untracked 
| 144|0x0000000089000000, 0x0000000089000000, 0x0000000089100000|  0%| F|  |TAMS 0x0000000089000000, 0x0000000089000000| Untracked 
| 145|0x0000000089100000, 0x0000000089100000, 0x0000000089200000|  0%| F|  |TAMS 0x0000000089100000, 0x0000000089100000| Untracked 
| 146|0x0000000089200000, 0x0000000089200000, 0x0000000089300000|  0%| F|  |TAMS 0x0000000089200000, 0x0000000089200000| Untracked 
| 147|0x0000000089300000, 0x0000000089300000, 0x0000000089400000|  0%| F|  |TAMS 0x0000000089300000, 0x0000000089300000| Untracked 
| 148|0x0000000089400000, 0x0000000089400000, 0x0000000089500000|  0%| F|  |TAMS 0x0000000089400000, 0x0000000089400000| Untracked 
| 149|0x0000000089500000, 0x0000000089500000, 0x0000000089600000|  0%| F|  |TAMS 0x0000000089500000, 0x0000000089500000| Untracked 
| 150|0x0000000089600000, 0x0000000089600000, 0x0000000089700000|  0%| F|  |TAMS 0x0000000089600000, 0x0000000089600000| Untracked 
| 151|0x0000000089700000, 0x0000000089700000, 0x0000000089800000|  0%| F|  |TAMS 0x0000000089700000, 0x0000000089700000| Untracked 
| 152|0x0000000089800000, 0x0000000089800000, 0x0000000089900000|  0%| F|  |TAMS 0x0000000089800000, 0x0000000089800000| Untracked 
| 153|0x0000000089900000, 0x0000000089900000, 0x0000000089a00000|  0%| F|  |TAMS 0x0000000089900000, 0x0000000089900000| Untracked 
| 154|0x0000000089a00000, 0x0000000089a00000, 0x0000000089b00000|  0%| F|  |TAMS 0x0000000089a00000, 0x0000000089a00000| Untracked 
| 155|0x0000000089b00000, 0x0000000089b00000, 0x0000000089c00000|  0%| F|  |TAMS 0x0000000089b00000, 0x0000000089b00000| Untracked 
| 156|0x0000000089c00000, 0x0000000089c00000, 0x0000000089d00000|  0%| F|  |TAMS 0x0000000089c00000, 0x0000000089c00000| Untracked 
| 157|0x0000000089d00000, 0x0000000089d00000, 0x0000000089e00000|  0%| F|  |TAMS 0x0000000089d00000, 0x0000000089d00000| Untracked 
| 158|0x0000000089e00000, 0x0000000089e00000, 0x0000000089f00000|  0%| F|  |TAMS 0x0000000089e00000, 0x0000000089e00000| Untracked 
| 159|0x0000000089f00000, 0x0000000089f00000, 0x000000008a000000|  0%| F|  |TAMS 0x0000000089f00000, 0x0000000089f00000| Untracked 
| 160|0x000000008a000000, 0x000000008a000000, 0x000000008a100000|  0%| F|  |TAMS 0x000000008a000000, 0x000000008a000000| Untracked 
| 161|0x000000008a100000, 0x000000008a100000, 0x000000008a200000|  0%| F|  |TAMS 0x000000008a100000, 0x000000008a100000| Untracked 
| 162|0x000000008a200000, 0x000000008a200000, 0x000000008a300000|  0%| F|  |TAMS 0x000000008a200000, 0x000000008a200000| Untracked 
| 163|0x000000008a300000, 0x000000008a300000, 0x000000008a400000|  0%| F|  |TAMS 0x000000008a300000, 0x000000008a300000| Untracked 
| 164|0x000000008a400000, 0x000000008a400000, 0x000000008a500000|  0%| F|  |TAMS 0x000000008a400000, 0x000000008a400000| Untracked 
| 165|0x000000008a500000, 0x000000008a500000, 0x000000008a600000|  0%| F|  |TAMS 0x000000008a500000, 0x000000008a500000| Untracked 
| 166|0x000000008a600000, 0x000000008a600000, 0x000000008a700000|  0%| F|  |TAMS 0x000000008a600000, 0x000000008a600000| Untracked 
| 167|0x000000008a700000, 0x000000008a700000, 0x000000008a800000|  0%| F|  |TAMS 0x000000008a700000, 0x000000008a700000| Untracked 
| 168|0x000000008a800000, 0x000000008a800000, 0x000000008a900000|  0%| F|  |TAMS 0x000000008a800000, 0x000000008a800000| Untracked 
| 169|0x000000008a900000, 0x000000008a900000, 0x000000008aa00000|  0%| F|  |TAMS 0x000000008a900000, 0x000000008a900000| Untracked 
| 170|0x000000008aa00000, 0x000000008aa00000, 0x000000008ab00000|  0%| F|  |TAMS 0x000000008aa00000, 0x000000008aa00000| Untracked 
| 171|0x000000008ab00000, 0x000000008ab00000, 0x000000008ac00000|  0%| F|  |TAMS 0x000000008ab00000, 0x000000008ab00000| Untracked 
| 172|0x000000008ac00000, 0x000000008ac00000, 0x000000008ad00000|  0%| F|  |TAMS 0x000000008ac00000, 0x000000008ac00000| Untracked 
| 173|0x000000008ad00000, 0x000000008ad00000, 0x000000008ae00000|  0%| F|  |TAMS 0x000000008ad00000, 0x000000008ad00000| Untracked 
| 174|0x000000008ae00000, 0x000000008ae00000, 0x000000008af00000|  0%| F|  |TAMS 0x000000008ae00000, 0x000000008ae00000| Untracked 
| 175|0x000000008af00000, 0x000000008af00000, 0x000000008b000000|  0%| F|  |TAMS 0x000000008af00000, 0x000000008af00000| Untracked 
| 176|0x000000008b000000, 0x000000008b000000, 0x000000008b100000|  0%| F|  |TAMS 0x000000008b000000, 0x000000008b000000| Untracked 
| 177|0x000000008b100000, 0x000000008b100000, 0x000000008b200000|  0%| F|  |TAMS 0x000000008b100000, 0x000000008b100000| Untracked 
| 178|0x000000008b200000, 0x000000008b200000, 0x000000008b300000|  0%| F|  |TAMS 0x000000008b200000, 0x000000008b200000| Untracked 
| 179|0x000000008b300000, 0x000000008b300000, 0x000000008b400000|  0%| F|  |TAMS 0x000000008b300000, 0x000000008b300000| Untracked 
| 180|0x000000008b400000, 0x000000008b400000, 0x000000008b500000|  0%| F|  |TAMS 0x000000008b400000, 0x000000008b400000| Untracked 
| 181|0x000000008b500000, 0x000000008b500000, 0x000000008b600000|  0%| F|  |TAMS 0x000000008b500000, 0x000000008b500000| Untracked 
| 182|0x000000008b600000, 0x000000008b600000, 0x000000008b700000|  0%| F|  |TAMS 0x000000008b600000, 0x000000008b600000| Untracked 
| 183|0x000000008b700000, 0x000000008b700000, 0x000000008b800000|  0%| F|  |TAMS 0x000000008b700000, 0x000000008b700000| Untracked 
| 184|0x000000008b800000, 0x000000008b800000, 0x000000008b900000|  0%| F|  |TAMS 0x000000008b800000, 0x000000008b800000| Untracked 
| 185|0x000000008b900000, 0x000000008b900000, 0x000000008ba00000|  0%| F|  |TAMS 0x000000008b900000, 0x000000008b900000| Untracked 
| 186|0x000000008ba00000, 0x000000008ba00000, 0x000000008bb00000|  0%| F|  |TAMS 0x000000008ba00000, 0x000000008ba00000| Untracked 
| 187|0x000000008bb00000, 0x000000008bb00000, 0x000000008bc00000|  0%| F|  |TAMS 0x000000008bb00000, 0x000000008bb00000| Untracked 
| 188|0x000000008bc00000, 0x000000008bc00000, 0x000000008bd00000|  0%| F|  |TAMS 0x000000008bc00000, 0x000000008bc00000| Untracked 
| 189|0x000000008bd00000, 0x000000008bd93d18, 0x000000008be00000| 57%| E|  |TAMS 0x000000008bd00000, 0x000000008bd00000| Complete 
| 190|0x000000008be00000, 0x000000008bf00000, 0x000000008bf00000|100%| E|CS|TAMS 0x000000008be00000, 0x000000008be00000| Complete 
| 191|0x000000008bf00000, 0x000000008c000000, 0x000000008c000000|100%| E|CS|TAMS 0x000000008bf00000, 0x000000008bf00000| Complete 
| 192|0x000000008c000000, 0x000000008c100000, 0x000000008c100000|100%| E|CS|TAMS 0x000000008c000000, 0x000000008c000000| Complete 
| 193|0x000000008c100000, 0x000000008c200000, 0x000000008c200000|100%| E|CS|TAMS 0x000000008c100000, 0x000000008c100000| Complete 
| 194|0x000000008c200000, 0x000000008c300000, 0x000000008c300000|100%| E|CS|TAMS 0x000000008c200000, 0x000000008c200000| Complete 
| 195|0x000000008c300000, 0x000000008c400000, 0x000000008c400000|100%| E|CS|TAMS 0x000000008c300000, 0x000000008c300000| Complete 
| 196|0x000000008c400000, 0x000000008c500000, 0x000000008c500000|100%| E|CS|TAMS 0x000000008c400000, 0x000000008c400000| Complete 
| 197|0x000000008c500000, 0x000000008c600000, 0x000000008c600000|100%| E|CS|TAMS 0x000000008c500000, 0x000000008c500000| Complete 
| 198|0x000000008c600000, 0x000000008c700000, 0x000000008c700000|100%| E|CS|TAMS 0x000000008c600000, 0x000000008c600000| Complete 
| 199|0x000000008c700000, 0x000000008c800000, 0x000000008c800000|100%| E|CS|TAMS 0x000000008c700000, 0x000000008c700000| Complete 
| 200|0x000000008c800000, 0x000000008c900000, 0x000000008c900000|100%| E|CS|TAMS 0x000000008c800000, 0x000000008c800000| Complete 
| 201|0x000000008c900000, 0x000000008ca00000, 0x000000008ca00000|100%| E|CS|TAMS 0x000000008c900000, 0x000000008c900000| Complete 
| 202|0x000000008ca00000, 0x000000008cb00000, 0x000000008cb00000|100%| E|CS|TAMS 0x000000008ca00000, 0x000000008ca00000| Complete 
| 203|0x000000008cb00000, 0x000000008cc00000, 0x000000008cc00000|100%| E|CS|TAMS 0x000000008cb00000, 0x000000008cb00000| Complete 
| 204|0x000000008cc00000, 0x000000008cd00000, 0x000000008cd00000|100%| E|CS|TAMS 0x000000008cc00000, 0x000000008cc00000| Complete 
| 205|0x000000008cd00000, 0x000000008ce00000, 0x000000008ce00000|100%| E|CS|TAMS 0x000000008cd00000, 0x000000008cd00000| Complete 
| 206|0x000000008ce00000, 0x000000008cf00000, 0x000000008cf00000|100%| E|CS|TAMS 0x000000008ce00000, 0x000000008ce00000| Complete 
| 207|0x000000008cf00000, 0x000000008d000000, 0x000000008d000000|100%| E|CS|TAMS 0x000000008cf00000, 0x000000008cf00000| Complete 
| 208|0x000000008d000000, 0x000000008d100000, 0x000000008d100000|100%| E|CS|TAMS 0x000000008d000000, 0x000000008d000000| Complete 
| 209|0x000000008d100000, 0x000000008d200000, 0x000000008d200000|100%| E|CS|TAMS 0x000000008d100000, 0x000000008d100000| Complete 
| 210|0x000000008d200000, 0x000000008d300000, 0x000000008d300000|100%| S|CS|TAMS 0x000000008d200000, 0x000000008d200000| Complete 
| 211|0x000000008d300000, 0x000000008d400000, 0x000000008d400000|100%| S|CS|TAMS 0x000000008d300000, 0x000000008d300000| Complete 
| 212|0x000000008d400000, 0x000000008d500000, 0x000000008d500000|100%| S|CS|TAMS 0x000000008d400000, 0x000000008d400000| Complete 
| 213|0x000000008d500000, 0x000000008d600000, 0x000000008d600000|100%| S|CS|TAMS 0x000000008d500000, 0x000000008d500000| Complete 
| 214|0x000000008d600000, 0x000000008d700000, 0x000000008d700000|100%| E|CS|TAMS 0x000000008d600000, 0x000000008d600000| Complete 
| 215|0x000000008d700000, 0x000000008d800000, 0x000000008d800000|100%| E|CS|TAMS 0x000000008d700000, 0x000000008d700000| Complete 
| 216|0x000000008d800000, 0x000000008d900000, 0x000000008d900000|100%| E|CS|TAMS 0x000000008d800000, 0x000000008d800000| Complete 
| 217|0x000000008d900000, 0x000000008da00000, 0x000000008da00000|100%| E|CS|TAMS 0x000000008d900000, 0x000000008d900000| Complete 
| 218|0x000000008da00000, 0x000000008db00000, 0x000000008db00000|100%| E|CS|TAMS 0x000000008da00000, 0x000000008da00000| Complete 
| 219|0x000000008db00000, 0x000000008dc00000, 0x000000008dc00000|100%| E|CS|TAMS 0x000000008db00000, 0x000000008db00000| Complete 
| 220|0x000000008dc00000, 0x000000008dd00000, 0x000000008dd00000|100%| E|CS|TAMS 0x000000008dc00000, 0x000000008dc00000| Complete 
| 221|0x000000008dd00000, 0x000000008de00000, 0x000000008de00000|100%| E|CS|TAMS 0x000000008dd00000, 0x000000008dd00000| Complete 
| 222|0x000000008de00000, 0x000000008df00000, 0x000000008df00000|100%| E|CS|TAMS 0x000000008de00000, 0x000000008de00000| Complete 
| 223|0x000000008df00000, 0x000000008e000000, 0x000000008e000000|100%| E|CS|TAMS 0x000000008df00000, 0x000000008df00000| Complete 
| 224|0x000000008e000000, 0x000000008e100000, 0x000000008e100000|100%| E|CS|TAMS 0x000000008e000000, 0x000000008e000000| Complete 
| 225|0x000000008e100000, 0x000000008e200000, 0x000000008e200000|100%| E|CS|TAMS 0x000000008e100000, 0x000000008e100000| Complete 
| 226|0x000000008e200000, 0x000000008e300000, 0x000000008e300000|100%| E|CS|TAMS 0x000000008e200000, 0x000000008e200000| Complete 
| 227|0x000000008e300000, 0x000000008e400000, 0x000000008e400000|100%| E|CS|TAMS 0x000000008e300000, 0x000000008e300000| Complete 
| 228|0x000000008e400000, 0x000000008e500000, 0x000000008e500000|100%| E|CS|TAMS 0x000000008e400000, 0x000000008e400000| Complete 
| 229|0x000000008e500000, 0x000000008e600000, 0x000000008e600000|100%| E|CS|TAMS 0x000000008e500000, 0x000000008e500000| Complete 
| 230|0x000000008e600000, 0x000000008e700000, 0x000000008e700000|100%| E|CS|TAMS 0x000000008e600000, 0x000000008e600000| Complete 
| 231|0x000000008e700000, 0x000000008e800000, 0x000000008e800000|100%| E|CS|TAMS 0x000000008e700000, 0x000000008e700000| Complete 
| 232|0x000000008e800000, 0x000000008e900000, 0x000000008e900000|100%| E|CS|TAMS 0x000000008e800000, 0x000000008e800000| Complete 
| 233|0x000000008e900000, 0x000000008ea00000, 0x000000008ea00000|100%| E|CS|TAMS 0x000000008e900000, 0x000000008e900000| Complete 
| 234|0x000000008ea00000, 0x000000008eb00000, 0x000000008eb00000|100%| E|CS|TAMS 0x000000008ea00000, 0x000000008ea00000| Complete 
| 235|0x000000008eb00000, 0x000000008ec00000, 0x000000008ec00000|100%| E|CS|TAMS 0x000000008eb00000, 0x000000008eb00000| Complete 
| 236|0x000000008ec00000, 0x000000008ed00000, 0x000000008ed00000|100%| E|CS|TAMS 0x000000008ec00000, 0x000000008ec00000| Complete 
| 237|0x000000008ed00000, 0x000000008ee00000, 0x000000008ee00000|100%| E|CS|TAMS 0x000000008ed00000, 0x000000008ed00000| Complete 
| 238|0x000000008ee00000, 0x000000008ef00000, 0x000000008ef00000|100%| E|CS|TAMS 0x000000008ee00000, 0x000000008ee00000| Complete 
| 239|0x000000008ef00000, 0x000000008f000000, 0x000000008f000000|100%| E|CS|TAMS 0x000000008ef00000, 0x000000008ef00000| Complete 
| 240|0x000000008f000000, 0x000000008f100000, 0x000000008f100000|100%| E|CS|TAMS 0x000000008f000000, 0x000000008f000000| Complete 
| 241|0x000000008f100000, 0x000000008f200000, 0x000000008f200000|100%| E|CS|TAMS 0x000000008f100000, 0x000000008f100000| Complete 
| 242|0x000000008f200000, 0x000000008f300000, 0x000000008f300000|100%| E|CS|TAMS 0x000000008f200000, 0x000000008f200000| Complete 
| 243|0x000000008f300000, 0x000000008f400000, 0x000000008f400000|100%| E|CS|TAMS 0x000000008f300000, 0x000000008f300000| Complete 
| 244|0x000000008f400000, 0x000000008f500000, 0x000000008f500000|100%| E|CS|TAMS 0x000000008f400000, 0x000000008f400000| Complete 
| 245|0x000000008f500000, 0x000000008f600000, 0x000000008f600000|100%| E|CS|TAMS 0x000000008f500000, 0x000000008f500000| Complete 

Card table byte_map: [0x0000015d606a0000,0x0000015d60aa0000] _byte_map_base: 0x0000015d602a0000

Marking Bits (Prev, Next): (CMBitMap*) 0x0000015d48e54220, (CMBitMap*) 0x0000015d48e54260
 Prev Bits: [0x0000015d60ea0000, 0x0000015d62ea0000)
 Next Bits: [0x0000015d62ea0000, 0x0000015d64ea0000)

Polling page: 0x0000015d46d80000

Metaspace:

Usage:
  Non-class:     12.76 MB used.
      Class:      2.05 MB used.
       Both:     14.81 MB used.

Virtual space:
  Non-class space:       64.00 MB reserved,      13.06 MB ( 20%) committed,  1 nodes.
      Class space:      412.00 MB reserved,       2.25 MB ( <1%) committed,  1 nodes.
             Both:      476.00 MB reserved,      15.31 MB (  3%) committed. 

Chunk freelists:
   Non-Class:  2.55 MB
       Class:  1.70 MB
        Both:  4.25 MB

MaxMetaspaceSize: 512.00 MB
CompressedClassSpaceSize: 412.00 MB
Initial GC threshold: 21.00 MB
Current GC threshold: 21.00 MB
CDS: on
MetaspaceReclaimPolicy: balanced
 - commit_granule_bytes: 65536.
 - commit_granule_words: 8192.
 - virtual_space_node_default_size: 8388608.
 - enlarge_chunks_in_place: 1.
 - new_chunks_are_fully_committed: 0.
 - uncommit_free_chunks: 1.
 - use_allocation_guard: 0.


Internal statistics:

num_allocs_failed_limit: 0.
num_arena_births: 680.
num_arena_deaths: 0.
num_vsnodes_births: 2.
num_vsnodes_deaths: 0.
num_space_committed: 245.
num_space_uncommitted: 0.
num_chunks_returned_to_freelist: 0.
num_chunks_taken_from_freelist: 1239.
num_chunk_merges: 0.
num_chunk_splits: 802.
num_chunks_enlarged: 521.
num_inconsistent_stats: 0.

CodeHeap 'non-profiled nmethods': size=120000Kb used=1187Kb max_used=1187Kb free=118812Kb
 bounds [0x0000015d58820000, 0x0000015d58a90000, 0x0000015d5fd50000]
CodeHeap 'profiled nmethods': size=120000Kb used=4910Kb max_used=4910Kb free=115089Kb
 bounds [0x0000015d50d50000, 0x0000015d51220000, 0x0000015d58280000]
CodeHeap 'non-nmethods': size=5760Kb used=1317Kb max_used=1350Kb free=4442Kb
 bounds [0x0000015d58280000, 0x0000015d584f0000, 0x0000015d58820000]
 total_blobs=3025 nmethods=2480 adapters=455
 compilation: enabled
              stopped_count=0, restarted_count=0
 full_count=0

Compilation events (20 events):
Event: 2.823 Thread 0x0000015d67af9fd0 2470       3       java.lang.invoke.LambdaForm::<init> (13 bytes)
Event: 2.823 Thread 0x0000015d67af9fd0 nmethod 2470 0x0000015d51218510 code [0x0000015d512186c0, 0x0000015d51218808]
Event: 2.823 Thread 0x0000015d67af9fd0 2471       3       java.lang.invoke.LambdaFormBuffer::setNames (22 bytes)
Event: 2.823 Thread 0x0000015d67af9fd0 nmethod 2471 0x0000015d51218890 code [0x0000015d51218a40, 0x0000015d51218c18]
Event: 2.823 Thread 0x0000015d67af9fd0 2472       3       java.lang.invoke.LambdaFormBuffer::nameArray (15 bytes)
Event: 2.824 Thread 0x0000015d67af9fd0 nmethod 2472 0x0000015d51218d10 code [0x0000015d51218ec0, 0x0000015d51219188]
Event: 2.844 Thread 0x0000015d67af9fd0 2474       3       java.lang.Package::<init> (47 bytes)
Event: 2.845 Thread 0x0000015d67af9fd0 nmethod 2474 0x0000015d51219290 code [0x0000015d51219480, 0x0000015d512198e8]
Event: 2.873 Thread 0x0000015d67af9fd0 2475       1       sun.reflect.generics.repository.AbstractRepository::getFactory (5 bytes)
Event: 2.873 Thread 0x0000015d67af9fd0 nmethod 2475 0x0000015d5893f410 code [0x0000015d5893f5a0, 0x0000015d5893f658]
Event: 2.876 Thread 0x0000015d67af9fd0 2476       3       java.lang.reflect.Executable::getGenericParameterTypes (20 bytes)
Event: 2.877 Thread 0x0000015d67af9fd0 nmethod 2476 0x0000015d51219b10 code [0x0000015d51219d20, 0x0000015d5121a468]
Event: 2.878 Thread 0x0000015d67af9fd0 2478       3       jdk.internal.misc.Unsafe::weakCompareAndSetInt (11 bytes)
Event: 2.878 Thread 0x0000015d67af9fd0 nmethod 2478 0x0000015d5121a610 code [0x0000015d5121a7a0, 0x0000015d5121a8b8]
Event: 2.897 Thread 0x0000015d67af9fd0 2479       3       java.util.LinkedList::<init> (10 bytes)
Event: 2.898 Thread 0x0000015d67af9fd0 nmethod 2479 0x0000015d5121a990 code [0x0000015d5121ab40, 0x0000015d5121add8]
Event: 2.898 Thread 0x0000015d67af9fd0 2480       3       java.util.AbstractSequentialList::<init> (5 bytes)
Event: 2.898 Thread 0x0000015d67af9fd0 nmethod 2480 0x0000015d5121af10 code [0x0000015d5121b0c0, 0x0000015d5121b2f8]
Event: 2.900 Thread 0x0000015d67af9fd0 2481       3       org.gradle.internal.service.DefaultServiceRegistry$SingletonService::getAll (23 bytes)
Event: 2.901 Thread 0x0000015d67af9fd0 nmethod 2481 0x0000015d5121b410 code [0x0000015d5121b5e0, 0x0000015d5121b868]

GC Heap History (4 events):
Event: 0.599 GC heap before
{Heap before GC invocations=0 (full 0):
 garbage-first heap   total 251904K, used 28672K [0x0000000080000000, 0x0000000100000000)
  region size 1024K, 23 young (23552K), 0 survivors (0K)
 Metaspace       used 3067K, committed 3200K, reserved 487424K
  class space    used 376K, committed 448K, reserved 421888K
}
Event: 0.603 GC heap after
{Heap after GC invocations=1 (full 0):
 garbage-first heap   total 251904K, used 9059K [0x0000000080000000, 0x0000000100000000)
  region size 1024K, 3 young (3072K), 3 survivors (3072K)
 Metaspace       used 3067K, committed 3200K, reserved 487424K
  class space    used 376K, committed 448K, reserved 421888K
}
Event: 1.121 GC heap before
{Heap before GC invocations=1 (full 0):
 garbage-first heap   total 251904K, used 38755K [0x0000000080000000, 0x0000000100000000)
  region size 1024K, 32 young (32768K), 3 survivors (3072K)
 Metaspace       used 4007K, committed 4224K, reserved 487424K
  class space    used 470K, committed 576K, reserved 421888K
}
Event: 1.124 GC heap after
{Heap after GC invocations=2 (full 0):
 garbage-first heap   total 251904K, used 13109K [0x0000000080000000, 0x0000000100000000)
  region size 1024K, 4 young (4096K), 4 survivors (4096K)
 Metaspace       used 4007K, committed 4224K, reserved 487424K
  class space    used 470K, committed 576K, reserved 421888K
}

Dll operation events (13 events):
Event: 0.008 Loaded shared library C:\Program Files\Java\jdk-19\bin\java.dll
Event: 0.016 Loaded shared library C:\Program Files\Java\jdk-19\bin\jsvml.dll
Event: 0.053 Loaded shared library C:\Program Files\Java\jdk-19\bin\net.dll
Event: 0.055 Loaded shared library C:\Program Files\Java\jdk-19\bin\nio.dll
Event: 0.059 Loaded shared library C:\Program Files\Java\jdk-19\bin\zip.dll
Event: 0.234 Loaded shared library C:\Program Files\Java\jdk-19\bin\jimage.dll
Event: 0.290 Loaded shared library C:\Program Files\Java\jdk-19\bin\verify.dll
Event: 0.460 Loaded shared library C:\Users\kapla\.gradle\native\e1d6ef7f7dcc3fd88c89a11ec53ec762bb8ba0a96d01ffa2cd45eb1d1d8dd5c5\windows-amd64\native-platform.dll
Event: 0.475 Loaded shared library C:\Users\kapla\.gradle\native\0d407fdbe67a94daf76414ababcb853783967236a71b16ec16e742cd7a986fd3\windows-amd64\native-platform-file-events.dll
Event: 1.387 Loaded shared library C:\Program Files\Java\jdk-19\bin\management.dll
Event: 1.391 Loaded shared library C:\Program Files\Java\jdk-19\bin\management_ext.dll
Event: 1.594 Loaded shared library C:\Program Files\Java\jdk-19\bin\extnet.dll
Event: 1.875 Loaded shared library C:\Program Files\Java\jdk-19\bin\sunmscapi.dll

Deoptimization events (20 events):
Event: 2.348 Thread 0x0000015d6d9ba870 DEOPT PACKING pc=0x0000015d5890bcb0 sp=0x00000005dfffca70
Event: 2.348 Thread 0x0000015d6d9ba870 DEOPT UNPACKING pc=0x0000015d582e6da3 sp=0x00000005dfffca18 mode 2
Event: 2.352 Thread 0x0000015d6d9ba870 Uncommon trap: trap_request=0xffffff45 fr.pc=0x0000015d588e8a04 relative=0x00000000000009a4
Event: 2.352 Thread 0x0000015d6d9ba870 Uncommon trap: reason=unstable_if action=reinterpret pc=0x0000015d588e8a04 method=jdk.internal.org.objectweb.asm.Frame.execute(IILjdk/internal/org/objectweb/asm/Symbol;Ljdk/internal/org/objectweb/asm/SymbolTable;)V @ 1 c2
Event: 2.352 Thread 0x0000015d6d9ba870 DEOPT PACKING pc=0x0000015d588e8a04 sp=0x00000005dfffc9f0
Event: 2.352 Thread 0x0000015d6d9ba870 DEOPT UNPACKING pc=0x0000015d582e6da3 sp=0x00000005dfffc958 mode 2
Event: 2.353 Thread 0x0000015d6d9ba870 Uncommon trap: trap_request=0xffffff45 fr.pc=0x0000015d58916824 relative=0x0000000000000084
Event: 2.353 Thread 0x0000015d6d9ba870 Uncommon trap: reason=unstable_if action=reinterpret pc=0x0000015d58916824 method=java.lang.invoke.LambdaForm$BasicType.basicType(C)Ljava/lang/invoke/LambdaForm$BasicType; @ 1 c2
Event: 2.353 Thread 0x0000015d6d9ba870 DEOPT PACKING pc=0x0000015d58916824 sp=0x00000005dfffc9d0
Event: 2.353 Thread 0x0000015d6d9ba870 DEOPT UNPACKING pc=0x0000015d582e6da3 sp=0x00000005dfffc968 mode 2
Event: 2.391 Thread 0x0000015d6d9ba870 Uncommon trap: trap_request=0xffffff45 fr.pc=0x0000015d5889b3dc relative=0x0000000000000bbc
Event: 2.391 Thread 0x0000015d6d9ba870 Uncommon trap: reason=unstable_if action=reinterpret pc=0x0000015d5889b3dc method=java.io.WinNTFileSystem.resolve(Ljava/lang/String;Ljava/lang/String;)Ljava/lang/String; @ 19 c2
Event: 2.391 Thread 0x0000015d6d9ba870 DEOPT PACKING pc=0x0000015d5889b3dc sp=0x00000005dfffd2c0
Event: 2.391 Thread 0x0000015d6d9ba870 DEOPT UNPACKING pc=0x0000015d582e6da3 sp=0x00000005dfffd258 mode 2
Event: 2.394 Thread 0x0000015d6d9ba870 Uncommon trap: trap_request=0xffffff45 fr.pc=0x0000015d5888f0dc relative=0x000000000000059c
Event: 2.394 Thread 0x0000015d6d9ba870 Uncommon trap: reason=unstable_if action=reinterpret pc=0x0000015d5888f0dc method=java.io.File.getName()Ljava/lang/String; @ 16 c2
Event: 2.394 Thread 0x0000015d6d9ba870 DEOPT PACKING pc=0x0000015d5888f0dc sp=0x00000005dfffd270
Event: 2.394 Thread 0x0000015d6d9ba870 DEOPT UNPACKING pc=0x0000015d582e6da3 sp=0x00000005dfffd240 mode 2
Event: 2.574 Thread 0x0000015d6d9ba870 DEOPT PACKING pc=0x0000015d5114af69 sp=0x00000005dfffc480
Event: 2.574 Thread 0x0000015d6d9ba870 DEOPT UNPACKING pc=0x0000015d582e7543 sp=0x00000005dfffb990 mode 0

Classes loaded (20 events):
Event: 2.640 Loading class java/nio/file/attribute/PosixFilePermissions$1
Event: 2.640 Loading class java/nio/file/attribute/PosixFilePermissions$1 done
Event: 2.643 Loading class java/util/concurrent/locks/ReadWriteLock
Event: 2.643 Loading class java/util/concurrent/locks/ReadWriteLock done
Event: 2.644 Loading class java/nio/file/FileVisitOption
Event: 2.644 Loading class java/nio/file/FileVisitOption done
Event: 2.648 Loading class java/util/stream/ReduceOps$1
Event: 2.649 Loading class java/util/stream/ReduceOps$1 done
Event: 2.649 Loading class java/util/stream/ReduceOps$1ReducingSink
Event: 2.649 Loading class java/util/stream/ReduceOps$1ReducingSink done
Event: 2.661 Loading class java/io/ObjectOutputStream
Event: 2.662 Loading class java/io/ObjectOutput
Event: 2.662 Loading class java/io/ObjectOutput done
Event: 2.662 Loading class java/io/ObjectStreamConstants
Event: 2.662 Loading class java/io/ObjectStreamConstants done
Event: 2.663 Loading class java/io/ObjectOutputStream done
Event: 2.663 Loading class java/io/ObjectInputStream
Event: 2.664 Loading class java/io/ObjectInput
Event: 2.664 Loading class java/io/ObjectInput done
Event: 2.664 Loading class java/io/ObjectInputStream done

Classes unloaded (0 events):
No events

Classes redefined (0 events):
No events

Internal exceptions (20 events):
Event: 2.458 Thread 0x0000015d6d9ba870 Exception <a 'java/lang/NoSuchMethodError'{0x000000008cc97330}: 'java.lang.Object java.lang.invoke.DirectMethodHandle$Holder.invokeStatic(java.lang.Object, java.lang.Object, java.lang.Object, java.lang.Object, java.lang.Object, java.lang.Object, java.lang.Object, java.lang.Object, java.lang.Object, java.lang.Object, java.lang.Object, java.lang.Object, java.lang.Object, java.lang.Object, java.lang.Object, java.lang.Object, java.lang.Object)'> (0x000000008cc97330) 
thrown [s\open\src\hotspot\share\interprete
Event: 2.461 Thread 0x0000015d6d9ba870 Exception <a 'java/lang/NoSuchMethodError'{0x000000008ccbe8b8}: 'java.lang.Object java.lang.invoke.DirectMethodHandle$Holder.invokeStatic(java.lang.Object, java.lang.Object, java.lang.Object, java.lang.Object, java.lang.Object, java.lang.Object, java.lang.Object, java.lang.Object, java.lang.Object, java.lang.Object, java.lang.Object, java.lang.Object, java.lang.Object, java.lang.Object, java.lang.Object, java.lang.Object, java.lang.Object, java.lang.Object)'> (0x000000008ccbe8b8) 
thrown [s\open\src\hotspo
Event: 2.465 Thread 0x0000015d6d9ba870 Exception <a 'java/lang/NoSuchMethodError'{0x000000008cce7048}: 'java.lang.Object java.lang.invoke.DirectMethodHandle$Holder.invokeStatic(java.lang.Object, java.lang.Object, java.lang.Object, java.lang.Object, java.lang.Object, java.lang.Object, java.lang.Object, java.lang.Object, java.lang.Object, java.lang.Object, java.lang.Object, java.lang.Object, java.lang.Object, java.lang.Object, java.lang.Object, java.lang.Object, java.lang.Object, java.lang.Object, java.lang.Object)'> (0x000000008cce7048) 
thrown 
Event: 2.468 Thread 0x0000015d6d9ba870 Exception <a 'java/lang/NoSuchMethodError'{0x000000008cb10fb0}: 'java.lang.Object java.lang.invoke.DirectMethodHandle$Holder.invokeStatic(java.lang.Object, java.lang.Object, java.lang.Object, java.lang.Object, java.lang.Object, java.lang.Object, java.lang.Object, java.lang.Object, java.lang.Object, java.lang.Object, java.lang.Object, java.lang.Object, java.lang.Object, java.lang.Object, java.lang.Object, java.lang.Object, java.lang.Object, java.lang.Object, java.lang.Object, java.lang.Object)'> (0x00000000
Event: 2.472 Thread 0x0000015d6d9ba870 Exception <a 'java/lang/NoSuchMethodError'{0x000000008cb3bae8}: 'java.lang.Object java.lang.invoke.DirectMethodHandle$Holder.invokeStatic(java.lang.Object, java.lang.Object, java.lang.Object, java.lang.Object, java.lang.Object, java.lang.Object, java.lang.Object, java.lang.Object, java.lang.Object, java.lang.Object, java.lang.Object, java.lang.Object, java.lang.Object, java.lang.Object, java.lang.Object, java.lang.Object, java.lang.Object, java.lang.Object, java.lang.Object, java.lang.Object, java.lang.Obj
Event: 2.475 Thread 0x0000015d6d9ba870 Exception <a 'java/lang/NoSuchMethodError'{0x000000008cb67078}: 'java.lang.Object java.lang.invoke.DirectMethodHandle$Holder.invokeStatic(java.lang.Object, java.lang.Object, java.lang.Object, java.lang.Object, java.lang.Object, java.lang.Object, java.lang.Object, java.lang.Object, java.lang.Object, java.lang.Object, java.lang.Object, java.lang.Object, java.lang.Object, java.lang.Object, java.lang.Object, java.lang.Object, java.lang.Object, java.lang.Object, java.lang.Object, java.lang.Object, java.lang.Obj
Event: 2.479 Thread 0x0000015d6d9ba870 Exception <a 'java/lang/NoSuchMethodError'{0x000000008cb93630}: 'java.lang.Object java.lang.invoke.DirectMethodHandle$Holder.invokeStatic(java.lang.Object, java.lang.Object, java.lang.Object, java.lang.Object, java.lang.Object, java.lang.Object, java.lang.Object, java.lang.Object, java.lang.Object, java.lang.Object, java.lang.Object, java.lang.Object, java.lang.Object, java.lang.Object, java.lang.Object, java.lang.Object, java.lang.Object, java.lang.Object, java.lang.Object, java.lang.Object, java.lang.Obj
Event: 2.482 Thread 0x0000015d6d9ba870 Exception <a 'java/lang/NoSuchMethodError'{0x000000008cbc0330}: 'java.lang.Object java.lang.invoke.DirectMethodHandle$Holder.invokeStatic(java.lang.Object, java.lang.Object, java.lang.Object, java.lang.Object, java.lang.Object, java.lang.Object, java.lang.Object, java.lang.Object, java.lang.Object, java.lang.Object, java.lang.Object, java.lang.Object, java.lang.Object, java.lang.Object, java.lang.Object, java.lang.Object, java.lang.Object, java.lang.Object, java.lang.Object, java.lang.Object, java.lang.Obj
Event: 2.485 Thread 0x0000015d6d9ba870 Exception <a 'java/lang/NoSuchMethodError'{0x000000008cbeec28}: 'java.lang.Object java.lang.invoke.DirectMethodHandle$Holder.invokeStatic(java.lang.Object, java.lang.Object, java.lang.Object, java.lang.Object, java.lang.Object, java.lang.Object, java.lang.Object, java.lang.Object, java.lang.Object, java.lang.Object, java.lang.Object, java.lang.Object, java.lang.Object, java.lang.Object, java.lang.Object, java.lang.Object, java.lang.Object, java.lang.Object, java.lang.Object, java.lang.Object, java.lang.Obj
Event: 2.598 Thread 0x0000015d6d9ba870 Exception <a 'java/lang/NoSuchMethodError'{0x000000008c724258}: 'void java.lang.invoke.DirectMethodHandle$Holder.invokeInterface(java.lang.Object, java.lang.Object)'> (0x000000008c724258) 
thrown [s\open\src\hotspot\share\interpreter\linkResolver.cpp, line 774]
Event: 2.598 Thread 0x0000015d6d9ba870 Exception <a 'java/lang/IncompatibleClassChangeError'{0x000000008c727ca0}: Found class java.lang.Object, but interface was expected> (0x000000008c727ca0) 
thrown [s\open\src\hotspot\share\interpreter\linkResolver.cpp, line 841]
Event: 2.645 Thread 0x0000015d6d9ba870 Exception <a 'java/lang/NoSuchMethodError'{0x000000008c58c7b8}: 'int java.lang.invoke.DirectMethodHandle$Holder.invokeSpecialIFC(java.lang.Object, java.lang.Object, java.lang.Object, java.lang.Object)'> (0x000000008c58c7b8) 
thrown [s\open\src\hotspot\share\interpreter\linkResolver.cpp, line 774]
Event: 2.647 Thread 0x0000015d6d9ba870 Exception <a 'java/lang/NoSuchMethodError'{0x000000008c59baa8}: 'java.lang.Object java.lang.invoke.DirectMethodHandle$Holder.invokeInterface(java.lang.Object, java.lang.Object, java.lang.Object)'> (0x000000008c59baa8) 
thrown [s\open\src\hotspot\share\interpreter\linkResolver.cpp, line 774]
Event: 2.648 Thread 0x0000015d6d9ba870 Exception <a 'java/lang/IncompatibleClassChangeError'{0x000000008c59f6d8}: Found class java.lang.Object, but interface was expected> (0x000000008c59f6d8) 
thrown [s\open\src\hotspot\share\interpreter\linkResolver.cpp, line 841]
Event: 2.650 Thread 0x0000015d6d9ba870 Exception <a 'java/lang/NoSuchMethodError'{0x000000008c5b15c8}: 'java.lang.Object java.lang.invoke.DirectMethodHandle$Holder.newInvokeSpecial(java.lang.Object, java.lang.Object, java.lang.Object, java.lang.Object, java.lang.Object, java.lang.Object, java.lang.Object, java.lang.Object, java.lang.Object, java.lang.Object)'> (0x000000008c5b15c8) 
thrown [s\open\src\hotspot\share\interpreter\linkResolver.cpp, line 774]
Event: 2.779 Thread 0x0000015d6d9ba870 Exception <a 'java/lang/NoSuchMethodError'{0x000000008c27ab90}: 'int java.lang.invoke.DirectMethodHandle$Holder.invokeStatic(java.lang.Object, java.lang.Object, java.lang.Object, java.lang.Object)'> (0x000000008c27ab90) 
thrown [s\open\src\hotspot\share\interpreter\linkResolver.cpp, line 774]
Event: 2.818 Thread 0x0000015d6d9ba870 Exception <a 'java/lang/NoSuchMethodError'{0x000000008c15cb60}: 'java.lang.Object java.lang.invoke.DirectMethodHandle$Holder.invokeVirtual(java.lang.Object, java.lang.Object, java.lang.Object, java.lang.Object, java.lang.Object, java.lang.Object, java.lang.Object, java.lang.Object, java.lang.Object, java.lang.Object, java.lang.Object, java.lang.Object, java.lang.Object, java.lang.Object, java.lang.Object, java.lang.Object, java.lang.Object, java.lang.Object, java.lang.Object, java.lang.Object)'> (0x0000000
Event: 2.818 Thread 0x0000015d6d9ba870 Exception <a 'java/lang/NoSuchMethodError'{0x000000008c162858}: 'java.lang.Object java.lang.invoke.DirectMethodHandle$Holder.invokeSpecial(java.lang.Object, java.lang.Object, java.lang.Object, java.lang.Object, java.lang.Object, java.lang.Object, java.lang.Object, java.lang.Object, java.lang.Object, java.lang.Object, java.lang.Object, java.lang.Object, java.lang.Object, java.lang.Object, java.lang.Object, java.lang.Object, java.lang.Object, java.lang.Object, java.lang.Object, java.lang.Object, java.lang.Ob
Event: 2.819 Thread 0x0000015d6d9ba870 Exception <a 'java/lang/NoSuchMethodError'{0x000000008c167d88}: 'java.lang.Object java.lang.invoke.DelegatingMethodHandle$Holder.reinvoke_L(java.lang.Object, java.lang.Object, java.lang.Object, java.lang.Object, java.lang.Object, java.lang.Object, java.lang.Object, java.lang.Object, java.lang.Object, java.lang.Object, java.lang.Object, java.lang.Object, java.lang.Object, java.lang.Object, java.lang.Object, java.lang.Object, java.lang.Object, java.lang.Object, java.lang.Object, java.lang.Object)'> (0x000000
Event: 2.834 Thread 0x0000015d6d9ba870 Exception <a 'java/lang/NoSuchMethodError'{0x000000008c009588}: 'java.lang.Object java.lang.invoke.DirectMethodHandle$Holder.invokeInterface(java.lang.Object, java.lang.Object)'> (0x000000008c009588) 
thrown [s\open\src\hotspot\share\interpreter\linkResolver.cpp, line 774]

VM Operations (20 events):
Event: 1.517 Executing VM operation: HandshakeAllThreads
Event: 1.517 Executing VM operation: HandshakeAllThreads done
Event: 1.536 Executing VM operation: HandshakeAllThreads
Event: 1.536 Executing VM operation: HandshakeAllThreads done
Event: 1.580 Executing VM operation: HandshakeAllThreads
Event: 1.580 Executing VM operation: HandshakeAllThreads done
Event: 1.797 Executing VM operation: HandshakeAllThreads
Event: 1.797 Executing VM operation: HandshakeAllThreads done
Event: 1.892 Executing VM operation: HandshakeAllThreads
Event: 1.892 Executing VM operation: HandshakeAllThreads done
Event: 1.925 Executing VM operation: HandshakeAllThreads
Event: 1.925 Executing VM operation: HandshakeAllThreads done
Event: 1.995 Executing VM operation: ICBufferFull
Event: 1.995 Executing VM operation: ICBufferFull done
Event: 2.195 Executing VM operation: HandshakeAllThreads
Event: 2.195 Executing VM operation: HandshakeAllThreads done
Event: 2.496 Executing VM operation: HandshakeAllThreads
Event: 2.497 Executing VM operation: HandshakeAllThreads done
Event: 2.497 Executing VM operation: HandshakeAllThreads
Event: 2.497 Executing VM operation: HandshakeAllThreads done

Events (20 events):
Event: 0.026 Thread 0x0000015d67af9fd0 Thread added: 0x0000015d67af9fd0
Event: 0.026 Thread 0x0000015d67afb0e0 Thread added: 0x0000015d67afb0e0
Event: 0.045 Thread 0x0000015d67cbc540 Thread added: 0x0000015d67cbc540
Event: 0.047 Thread 0x0000015d67cc6ea0 Thread added: 0x0000015d67cc6ea0
Event: 0.225 Thread 0x0000015d67d5bde0 Thread added: 0x0000015d67d5bde0
Event: 0.255 Thread 0x0000015d67d5c550 Thread added: 0x0000015d67d5c550
Event: 1.433 Thread 0x0000015d6c9faaa0 Thread added: 0x0000015d6c9faaa0
Event: 1.731 Thread 0x0000015d67d5c550 Thread exited: 0x0000015d67d5c550
Event: 1.756 Thread 0x0000015d6d66e7a0 Thread added: 0x0000015d6d66e7a0
Event: 1.851 Thread 0x0000015d6d895ee0 Thread added: 0x0000015d6d895ee0
Event: 1.943 Thread 0x0000015d6d990a00 Thread added: 0x0000015d6d990a00
Event: 1.948 Thread 0x0000015d6d983360 Thread added: 0x0000015d6d983360
Event: 1.984 Thread 0x0000015d6d9a3000 Thread added: 0x0000015d6d9a3000
Event: 1.991 Thread 0x0000015d6d9ba870 Thread added: 0x0000015d6d9ba870
Event: 2.001 Thread 0x0000015d6d9c7ee0 Thread added: 0x0000015d6d9c7ee0
Event: 2.005 Thread 0x0000015d6d9c8980 Thread added: 0x0000015d6d9c8980
Event: 2.013 Thread 0x0000015d6d9c6450 Thread added: 0x0000015d6d9c6450
Event: 2.196 Thread 0x0000015d6d9c9420 Thread added: 0x0000015d6d9c9420
Event: 2.225 Thread 0x0000015d6d9c8430 Thread added: 0x0000015d6d9c8430
Event: 2.621 Thread 0x0000015d6d9c8ed0 Thread added: 0x0000015d6d9c8ed0


Dynamic libraries:
0x00007ff7e0a40000 - 0x00007ff7e0a50000 	C:\Program Files\Java\jdk-19\bin\java.exe
0x00007ff9a7110000 - 0x00007ff9a7324000 	C:\WINDOWS\SYSTEM32\ntdll.dll
0x00007ff9a57f0000 - 0x00007ff9a58b3000 	C:\WINDOWS\System32\KERNEL32.DLL
0x00007ff9a4650000 - 0x00007ff9a49ed000 	C:\WINDOWS\System32\KERNELBASE.dll
0x00007ff9a4530000 - 0x00007ff9a4641000 	C:\WINDOWS\System32\ucrtbase.dll
0x00007ff9198a0000 - 0x00007ff9198bb000 	C:\Program Files\Java\jdk-19\bin\VCRUNTIME140.dll
0x00007ff9198c0000 - 0x00007ff9198d8000 	C:\Program Files\Java\jdk-19\bin\jli.dll
0x00007ff9a59d0000 - 0x00007ff9a5a7e000 	C:\WINDOWS\System32\ADVAPI32.dll
0x00007ff9a5730000 - 0x00007ff9a57d7000 	C:\WINDOWS\System32\msvcrt.dll
0x00007ff9a6e70000 - 0x00007ff9a6f14000 	C:\WINDOWS\System32\sechost.dll
0x00007ff9a6760000 - 0x00007ff9a6875000 	C:\WINDOWS\System32\RPCRT4.dll
0x00007ff9a6f20000 - 0x00007ff9a70cd000 	C:\WINDOWS\System32\USER32.dll
0x00007ff9a4c40000 - 0x00007ff9a4c66000 	C:\WINDOWS\System32\win32u.dll
0x00007ff98f6d0000 - 0x00007ff98f95e000 	C:\WINDOWS\WinSxS\amd64_microsoft.windows.common-controls_6595b64144ccf1df_6.0.22621.608_none_a9444ca7c10bb01d\COMCTL32.dll
0x00007ff9a6990000 - 0x00007ff9a69b9000 	C:\WINDOWS\System32\GDI32.dll
0x00007ff9a49f0000 - 0x00007ff9a4b02000 	C:\WINDOWS\System32\gdi32full.dll
0x00007ff9a4de0000 - 0x00007ff9a4e7a000 	C:\WINDOWS\System32\msvcp_win.dll
0x00007ff99e6f0000 - 0x00007ff99e6fa000 	C:\WINDOWS\SYSTEM32\VERSION.dll
0x00007ff9a5260000 - 0x00007ff9a5292000 	C:\WINDOWS\System32\IMM32.DLL
0x00007ff919890000 - 0x00007ff91989c000 	C:\Program Files\Java\jdk-19\bin\vcruntime140_1.dll
0x00007ff919800000 - 0x00007ff91988e000 	C:\Program Files\Java\jdk-19\bin\msvcp140.dll
0x00007ff918b10000 - 0x00007ff9197d0000 	C:\Program Files\Java\jdk-19\bin\server\jvm.dll
0x00007ff9a01f0000 - 0x00007ff9a0224000 	C:\WINDOWS\SYSTEM32\WINMM.dll
0x00007ff9542e0000 - 0x00007ff9542e9000 	C:\WINDOWS\SYSTEM32\WSOCK32.dll
0x00007ff9a5100000 - 0x00007ff9a5171000 	C:\WINDOWS\System32\WS2_32.dll
0x00007ff9a3640000 - 0x00007ff9a3658000 	C:\WINDOWS\SYSTEM32\kernel.appcore.dll
0x00007ff9197f0000 - 0x00007ff9197fa000 	C:\Program Files\Java\jdk-19\bin\jimage.dll
0x00007ff9a1e00000 - 0x00007ff9a202e000 	C:\WINDOWS\SYSTEM32\DBGHELP.DLL
0x00007ff9a6ac0000 - 0x00007ff9a6e4a000 	C:\WINDOWS\System32\combase.dll
0x00007ff9a63f0000 - 0x00007ff9a64c7000 	C:\WINDOWS\System32\OLEAUT32.dll
0x00007ff99bbe0000 - 0x00007ff99bc12000 	C:\WINDOWS\SYSTEM32\dbgcore.DLL
0x00007ff9a4e80000 - 0x00007ff9a4efb000 	C:\WINDOWS\System32\bcryptPrimitives.dll
0x00007ff918ae0000 - 0x00007ff918b06000 	C:\Program Files\Java\jdk-19\bin\java.dll
0x00007ff9189e0000 - 0x00007ff918ab7000 	C:\Program Files\Java\jdk-19\bin\jsvml.dll
0x00007ff9a5ba0000 - 0x00007ff9a638f000 	C:\WINDOWS\System32\SHELL32.dll
0x00007ff9a2500000 - 0x00007ff9a2dc8000 	C:\WINDOWS\SYSTEM32\windows.storage.dll
0x00007ff9a23c0000 - 0x00007ff9a24fe000 	C:\WINDOWS\SYSTEM32\wintypes.dll
0x00007ff9a69c0000 - 0x00007ff9a6ab1000 	C:\WINDOWS\System32\SHCORE.dll
0x00007ff9a4f00000 - 0x00007ff9a4f5e000 	C:\WINDOWS\System32\shlwapi.dll
0x00007ff9a4460000 - 0x00007ff9a4481000 	C:\WINDOWS\SYSTEM32\profapi.dll
0x00007ff9186c0000 - 0x00007ff9186d3000 	C:\Program Files\Java\jdk-19\bin\net.dll
0x00007ff99ae70000 - 0x00007ff99af9f000 	C:\WINDOWS\SYSTEM32\WINHTTP.dll
0x00007ff9a3ac0000 - 0x00007ff9a3b29000 	C:\WINDOWS\system32\mswsock.dll
0x00007ff9186a0000 - 0x00007ff9186b6000 	C:\Program Files\Java\jdk-19\bin\nio.dll
0x00007ff918680000 - 0x00007ff918698000 	C:\Program Files\Java\jdk-19\bin\zip.dll
0x00007ff9987f0000 - 0x00007ff998800000 	C:\Program Files\Java\jdk-19\bin\verify.dll
0x00007ff97bc30000 - 0x00007ff97bc57000 	C:\Users\kapla\.gradle\native\e1d6ef7f7dcc3fd88c89a11ec53ec762bb8ba0a96d01ffa2cd45eb1d1d8dd5c5\windows-amd64\native-platform.dll
0x00007ff94e7a0000 - 0x00007ff94e8e4000 	C:\Users\kapla\.gradle\native\0d407fdbe67a94daf76414ababcb853783967236a71b16ec16e742cd7a986fd3\windows-amd64\native-platform-file-events.dll
0x00007ff917d00000 - 0x00007ff917d0a000 	C:\Program Files\Java\jdk-19\bin\management.dll
0x00007ff917cf0000 - 0x00007ff917cfb000 	C:\Program Files\Java\jdk-19\bin\management_ext.dll
0x00007ff9a58c0000 - 0x00007ff9a58c8000 	C:\WINDOWS\System32\PSAPI.DLL
0x00007ff9a3d40000 - 0x00007ff9a3d5b000 	C:\WINDOWS\SYSTEM32\CRYPTSP.dll
0x00007ff9a35b0000 - 0x00007ff9a35e5000 	C:\WINDOWS\system32\rsaenh.dll
0x00007ff9a3bd0000 - 0x00007ff9a3bf8000 	C:\WINDOWS\SYSTEM32\USERENV.dll
0x00007ff9a3ed0000 - 0x00007ff9a3ef8000 	C:\WINDOWS\SYSTEM32\bcrypt.dll
0x00007ff9a3d30000 - 0x00007ff9a3d3c000 	C:\WINDOWS\SYSTEM32\CRYPTBASE.dll
0x00007ff9a30a0000 - 0x00007ff9a30cd000 	C:\WINDOWS\SYSTEM32\IPHLPAPI.DLL
0x00007ff9a52a0000 - 0x00007ff9a52a9000 	C:\WINDOWS\System32\NSI.dll
0x00007ff999650000 - 0x00007ff999669000 	C:\WINDOWS\SYSTEM32\dhcpcsvc6.DLL
0x00007ff9995e0000 - 0x00007ff9995ff000 	C:\WINDOWS\SYSTEM32\dhcpcsvc.DLL
0x00007ff9a30d0000 - 0x00007ff9a31c2000 	C:\WINDOWS\SYSTEM32\DNSAPI.dll
0x00007ff917da0000 - 0x00007ff917da8000 	C:\Program Files\Java\jdk-19\bin\extnet.dll
0x00007ff917d20000 - 0x00007ff917d2e000 	C:\Program Files\Java\jdk-19\bin\sunmscapi.dll
0x00007ff9a4c70000 - 0x00007ff9a4dd6000 	C:\WINDOWS\System32\CRYPT32.dll
0x00007ff9a3ea0000 - 0x00007ff9a3ecd000 	C:\WINDOWS\SYSTEM32\ncrypt.dll
0x00007ff9a3e60000 - 0x00007ff9a3e97000 	C:\WINDOWS\SYSTEM32\NTASN1.dll
0x00007ff917d10000 - 0x00007ff917d18000 	C:\WINDOWS\system32\wshunix.dll

dbghelp: loaded successfully - version: 4.0.5 - missing functions: none
symbol engine: initialized successfully - sym options: 0x614 - pdb path: .;C:\Program Files\Java\jdk-19\bin;C:\WINDOWS\SYSTEM32;C:\WINDOWS\WinSxS\amd64_microsoft.windows.common-controls_6595b64144ccf1df_6.0.22621.608_none_a9444ca7c10bb01d;C:\Program Files\Java\jdk-19\bin\server;C:\Users\kapla\.gradle\native\e1d6ef7f7dcc3fd88c89a11ec53ec762bb8ba0a96d01ffa2cd45eb1d1d8dd5c5\windows-amd64;C:\Users\kapla\.gradle\native\0d407fdbe67a94daf76414ababcb853783967236a71b16ec16e742cd7a986fd3\windows-amd64

VM Arguments:
jvm_args: -XX:MaxMetaspaceSize=512m --add-opens=java.base/java.util=ALL-UNNAMED --add-opens=java.base/java.lang=ALL-UNNAMED --add-opens=java.base/java.lang.invoke=ALL-UNNAMED --add-opens=java.base/java.util=ALL-UNNAMED --add-opens=java.prefs/java.util.prefs=ALL-UNNAMED --add-opens=java.prefs/java.util.prefs=ALL-UNNAMED --add-opens=java.base/java.nio.charset=ALL-UNNAMED --add-opens=java.base/java.net=ALL-UNNAMED --add-opens=java.base/java.util.concurrent.atomic=ALL-UNNAMED -Xmx2048m -Dfile.encoding=UTF-8 -Duser.country=TR -Duser.language=tr -Duser.variant 
java_command: org.gradle.launcher.daemon.bootstrap.GradleDaemon 7.5.1
java_class_path (initial): C:\Users\kapla\.gradle\wrapper\dists\gradle-7.5.1-all\1ehga6e77gqps5uk2kc5kf1vc\gradle-7.5.1\lib\gradle-launcher-7.5.1.jar
Launcher Type: SUN_STANDARD

[Global flags]
     intx CICompilerCount                          = 4                                         {product} {ergonomic}
   size_t CompressedClassSpaceSize                 = 432013312                                 {product} {ergonomic}
     uint ConcGCThreads                            = 3                                         {product} {ergonomic}
     uint G1ConcRefinementThreads                  = 10                                        {product} {ergonomic}
   size_t G1HeapRegionSize                         = 1048576                                   {product} {ergonomic}
    uintx GCDrainStackTargetSize                   = 64                                        {product} {ergonomic}
   size_t InitialHeapSize                          = 257949696                                 {product} {ergonomic}
   size_t MarkStackSize                            = 4194304                                   {product} {ergonomic}
   size_t MaxHeapSize                              = 2147483648                                {product} {command line}
   size_t MaxMetaspaceSize                         = 536870912                                 {product} {command line}
   size_t MaxNewSize                               = 1287651328                                {product} {ergonomic}
   size_t MinHeapDeltaBytes                        = 1048576                                   {product} {ergonomic}
   size_t MinHeapSize                              = 8388608                                   {product} {ergonomic}
    uintx NonNMethodCodeHeapSize                   = 5839372                                {pd product} {ergonomic}
    uintx NonProfiledCodeHeapSize                  = 122909434                              {pd product} {ergonomic}
    uintx ProfiledCodeHeapSize                     = 122909434                              {pd product} {ergonomic}
    uintx ReservedCodeCacheSize                    = 251658240                              {pd product} {ergonomic}
     bool SegmentedCodeCache                       = true                                      {product} {ergonomic}
   size_t SoftMaxHeapSize                          = 2147483648                             {manageable} {ergonomic}
     bool UseCompressedClassPointers               = true                           {product lp64_product} {ergonomic}
     bool UseCompressedOops                        = true                           {product lp64_product} {ergonomic}
     bool UseG1GC                                  = true                                      {product} {ergonomic}
     bool UseLargePagesIndividualAllocation        = false                                  {pd product} {ergonomic}

Logging:
Log output configuration:
 #0: stdout all=warning uptime,level,tags foldmultilines=false
 #1: stderr all=off uptime,level,tags foldmultilines=false

Environment Variables:
JAVA_HOME=C:\Program Files\Java\jdk-19
CLASSPATH=D:\omer_files\development\mobile\react-native\REACTNATIVE_Library\hello_world\android\\gradle\wrapper\gradle-wrapper.jar
PATH=D:\omer_files\development\mobile\react-native\REACTNATIVE_Library\hello_world\android\node_modules\.bin;D:\omer_files\development\mobile\react-native\REACTNATIVE_Library\hello_world\node_modules\.bin;D:\omer_files\development\mobile\react-native\REACTNATIVE_Library\node_modules\.bin;D:\omer_files\development\mobile\react-native\node_modules\.bin;D:\omer_files\development\mobile\node_modules\.bin;D:\omer_files\development\node_modules\.bin;D:\omer_files\node_modules\.bin;D:\node_modules\.bin;C:\Program Files\nodejs;D:\omer_files\development\mobile\react-native\REACTNATIVE_Library\hello_world\node_modules\.bin;D:\omer_files\development\mobile\react-native\REACTNATIVE_Library\node_modules\.bin;D:\omer_files\development\mobile\react-native\node_modules\.bin;D:\omer_files\development\mobile\node_modules\.bin;D:\omer_files\development\node_modules\.bin;D:\omer_files\node_modules\.bin;D:\node_modules\.bin;C:\Users\kapla\AppData\Roaming\nvm\v16.18.0\node_modules\npm\node_modules\@npmcli\run-script\lib\node-gyp-bin;C:\Program Files\Common Files\Oracle\Java\javapath;C:\Users\kapla\AppData\Roaming\Composer\vendor\bin;C:\Windows\system32;C:\Windows;C:\Windows\System32\Wbem;C:\Windows\System32\WindowsPowerShell\v1.0\;C:\Windows\System32\OpenSSH\;C:\Program Files\Microsoft SQL Server\130\Tools\Binn\;C:\Program Files\Microsoft SQL Server\Client SDK\ODBC\170\Tools\Binn\;C:\ProgramData\ComposerSetup\bin;C:\Program Files\Git\cmd;C:\Program Files (x86)\Microsoft SQL Server\150\DTS\Binn\;C:\Program Files\Azure Data Studio\bin;C:\Program Files (x86)\Microsoft SQL Server\150\Tools\Binn\;C:\Program Files\Microsoft SQL Server\150\Tools\Binn\;C:\Program Files\Microsoft SQL Server\150\DTS\Binn\;C:\WINDOWS\system32;C:\WINDOWS;C:\WINDOWS\System32\Wbem;C:\WINDOWS\System32\WindowsPowerShell\v1.0\;C:\WINDOWS\System32\OpenSSH\;C:\Program Files\dotnet\;C:\Program Files\Docker\Docker\resources\bin;C:\Users\kapla\AppData\Roaming\nvm;C:\Program Files\nodejs;C:\wamp64\bin\php\php7.4.26;C:\Users\kapla\AppData\Local\Android\Sdk\platform-tools;C:\Program Files\Java\jdk-19\bin;;C:\WINDOWS\system32;C:\WINDOWS;C:\WINDOWS\System32\Wbem;C:\WINDOWS\System32\WindowsPowerShell\v1.0\;C:\WINDOWS\System32\OpenSSH\;C:\Program Files\Eclipse Foundation\jdk-8.0.302.8-hotspot\bin;C:\Program Files (x86)\Common Files\Oracle\Java\javapath;C:\Windows\system32;C:\Windows;C:\Windows\System32\Wbem;C:\Windows\System32\WindowsPowerShell\v1.0\;C:\Windows\System32\OpenSSH\;C:\Program Files\Microsoft SQL Server\130\Tools\Binn\;C:\Program Files\Microsoft SQL Server\Client SDK\ODBC\170\Tools\Binn\;C:\ProgramData\ComposerSetup\bin;C:\Program Files\Git\cmd;C:\Program Files (x86)\Microsoft SQL Server\150\DTS\Binn\;C:\Program Files\Azure Data Studio\bin;C:\Program Files (x86)\Microsoft SQL Server\150\Tools\Binn\;C:\Program Files\Microsoft SQL Server\150\Tools\Binn\;C:\Program Files\Microsoft SQL Server\150\DTS\Binn\;C:\WINDOWS\system32;C:\WINDOWS;C:\WINDOWS\System32\Wbem;C:\WINDOWS\System32\WindowsPowerShell\v1.0\;C:\WINDOWS\System32\OpenSSH\;C:\Program Files\dotnet\;C:\Program Files\Docker\Docker\resources\bin;C:\Users\kapla\AppData\Roaming\nvm;C:\Program Files\nodejs;C:\Users\kapla\AppData\Local\Microsoft\WindowsApps;C:\Users\kapla\AppData;C:\Users\kapla\AppData\Local\Programs\Microsoft VS Code\bin;C:\Users\kapla\.dotnet\tools;C:\Users\kapla\AppData\Local\Microsoft\WindowsApps;
USERNAME=kapla
OS=Windows_NT
PROCESSOR_IDENTIFIER=AMD64 Family 23 Model 96 Stepping 1, AuthenticAMD
TMP=C:\Users\kapla\AppData\Local\Temp
TEMP=C:\Users\kapla\AppData\Local\Temp



---------------  S Y S T E M  ---------------

OS:
 Windows 11 , 64 bit Build 22621 (10.0.22621.1105)
OS uptime: 0 days 23:03 hours
Hyper-V role detected

CPU: total 12 (initial active 12) (12 cores per cpu, 2 threads per core) family 23 model 96 stepping 1 microcode 0x0, cx8, cmov, fxsr, ht, mmx, 3dnowpref, sse, sse2, sse3, ssse3, sse4a, sse4.1, sse4.2, popcnt, lzcnt, tsc, tscinvbit, avx, avx2, aes, clmul, bmi1, bmi2, adx, sha, fma, vzeroupper, clflush, clflushopt, hv, rdtscp, rdpid

Memory: 4k page, system-wide physical 15741M (2552M free)
TotalPageFile size 17789M (AvailPageFile size 154M)
current process WorkingSet (physical memory assigned to process): 165M, peak: 167M
current process commit charge ("private bytes"): 400M, peak: 403M

vm_info: Java HotSpot(TM) 64-Bit Server VM (19.0.2+7-44) for windows-amd64 JRE (19.0.2+7-44), built on 2022-11-30T18:02:09Z by "mach5one" with MS VC++ 17.1 (VS2022)

END.
